# HLG sampling comparison — model "gemma-4-e4b-it-OptiQ-4bit", K=4, maxTokens=80


══════════════════════════════════════════════════════════════════════════════
[creative] Write the first sentence of a short story about a lighthouse keeper who discovers something strange in the fog.
══════════════════════════════════════════════════════════════════════════════

  ▸ greedy       len~ 36  unique 1/1  distinct-2 0.97
      1. The fog, a thick, clammy blanket that swallowed the beam of the old lantern, seemed to press against the glass of the tower, and it was in that suffocating grey that Silas first saw the impossible.

  ▸ temp-0.7     len~ 35  unique 4/4  distinct-2 0.85
      1. The fog, a thick, clammy blanket that swallowed the beam of the lantern, seemed to press against the glass, and it was through that swirling gray veil that Silas first saw the impossible.
      2. The sea fog, a thick, soupy thing that swallowed the beam of the old lantern whole, was the perfect shroud for what he found bobbing just beyond the reach of the rocks.
      3. The fog, a clammy, grey beast clinging to the tower like wet shrouds, usually offered only the familiar damp chill, but tonight, it carried a scent utterly alien—a metallic tang mixed with the faint, sweet perfume of som…
      4. The fog, a thick, clammy blanket that swallowed the horizon whole, seemed to carry a faint, unnatural chime as Silas, perched in the lantern room, peered into its milky depths.

  ▸ temp-1.2     len~ 39  unique 4/4  distinct-2 0.95
      1. The swirling, pea-soup fog that clung to the edge of the jagged coastline seemed to thicken just as a flash of unnatural green light pulsed from the watery expanse below the lantern's rhythmic beam.
      2. The sea fog, a thick, soupy thing that seemed to swallow the very light from the lantern, usually brought with it only the familiar smell of salt and damp rock, but this morning, it carried a scent unreasonably sweet—lik…
      3. The relentless, butter-yellow fog was thick enough to chew, and steady, Elias felt the usual creeping silence of the isolated tower until a single, impossibly bright crimson streak broke through the gray curtain near the…
      4. The St. Agnes, usually a solitary sentinel against the swirling gray, held a silence that felt too deep until he saw the impossible gleam through the shroud of fog clinging to the lantern room's glass.

  ▸ hlg-default  len~ 33  unique 4/4  distinct-2 0.88
      1. The fog, a thick, woolly blanket that swallowed the beam of the lantern, seemed to press against the glass, and it was through that swirling gray veil that Silas first saw the impossible.
      2. The sea fog, a thick, soupy thing that seemed to swallow the very sound of the waves, usually brought with it only the familiar smell of salt and damp stone, but this morning, it carried a faint, metallic tang, like old …
      3. The relentless, salt-laced fog that clung to the tower like a shroud offered no respite until the moment a slick, pearlescent object drifted into the beam of his lantern.
      4. The fog, a thick, clammy blanket that swallowed the horizon whole, finally delivered something unexpected to the beam of the old lighthouse.

  ▸ hlg-rolloff  len~ 34  unique 4/4  distinct-2 0.88
      1. The fog, a thick, woolly blanket that swallowed the beam of his lantern, seemed to press against the glass, and it was through that swirling gray veil that Silas first saw the impossible.
      2. The sea fog, a thick, soupy thing that seemed to swallow the very light from the lantern, usually brought with it only the familiar smell of salt and damp rock, but this morning, it carried a scent of something metallic …
      3. The relentless, salt-laced fog that clung to the tower like a shroud offered no respite until the moment a slick, pearlescent object drifted into the beam of his lantern.
      4. The fog, a thick, clammy blanket that swallowed the horizon whole, finally delivered something unexpected to the beam of the old lighthouse.

══════════════════════════════════════════════════════════════════════════════
[brainstorm] List five unusual but genuinely useful things you can do with an ordinary paperclip.
══════════════════════════════════════════════════════════════════════════════

  ▸ greedy       len~ 62  unique 1/1  distinct-2 0.97
      1. Here are five unusual but genuinely useful things you can do with an ordinary paperclip: 1. **Emergency SIM Card Ejector Tool:** Many smartphones have a tiny SIM card tray that requires a specific, thin tool to eject it.…

  ▸ temp-0.7     len~ 62  unique 4/4  distinct-2 0.69
      1. Here are five unusual but genuinely useful things you can do with an ordinary paperclip: 1. **Improvised SIM Card Tray Ejector:** Modern smartphones have tiny trays that require a very specific, thin tool to open. A stra…
      2. Here are five unusual but genuinely useful things you can do with an ordinary paperclip: 1. **SIM Card Tray Ejector:** Many modern smartphones require a tiny, specialized tool to pop out the SIM card tray. A straightened…
      3. Here are five unusual but genuinely useful things you can do with an ordinary paperclip: 1. **Emergency SIM Card Ejector:** Many modern smartphones require a tiny pin to be inserted into a small hole on the side of the p…
      4. Here are five unusual but genuinely useful things you can do with an ordinary paperclip: 1. **Precision Tool for Electronics/Crafts (Tweezers/Probe):** When you straighten and slightly manipulate the ends of a paperclip,…

  ▸ temp-1.2     len~ 60  unique 4/4  distinct-2 0.59
      1. Here are five unusual but genuinely useful things you can do with an ordinary paperclip: 1. **Improvised SIM Card Tray Ejector:** Modern smartphones have small trays that require a very specific-sized staple or tool to o…
      2. Here are five unusual but genuinely useful things you can do with an ordinary paperclip: 1. **SIM Card Tray Ejector:** Many modern smartphones require a tiny, specialized tool to pop out the SIM card tray. A straightened…
      3. Here are five unusual but genuinely useful things you can do with an ordinary paperclip: 1. **Emergency SIM Card Ejector:** Nearly all smartphones require a small pin to press a tiny hole on the side to eject the SIM car…
      4. Here are five unusual, but genuinely useful, things you can do with an ordinary paperclip: 1. **Emergency SIM Card Ejector:** Most modern smartphones require a small, specialized tool to eject the SIM card tray. If your …

  ▸ hlg-default  len~ 61  unique 4/4  distinct-2 0.63
      1. Here are five unusual but genuinely useful things you can do with an ordinary paperclip: 1. **Improvised SIM Card Tray Ejector:** Modern smartphones have small trays that require a very specific, thin tool to open. A str…
      2. Here are five unusual but genuinely useful things you can do with an ordinary paperclip: 1. **SIM Card Tray Ejector:** Many modern smartphones require a tiny, specialized tool to pop out the SIM card tray. A straightened…
      3. Here are five unusual but genuinely useful things you can do with an ordinary paperclip: 1. **Emergency SIM Card Ejector:** Many modern smartphones require a small pin to be inserted into a tiny hole on the side of the p…
      4. Here are five unusual but genuinely useful things you can do with an ordinary paperclip: 1. **Precision Tool for Electronics/Crafts (Tweezers/Pry Tool):** Bent into a specific shape, a paperclip can act as a very fine, t…

  ▸ hlg-rolloff  len~ 62  unique 4/4  distinct-2 0.68
      1. Here are five unusual but genuinely useful things you can do with an ordinary paperclip: 1. **Improvised SIM Card Tray Ejector:** Modern smartphones have small trays that require a very specific, thin tool to open (often…
      2. Here are five unusual but genuinely useful things you can do with an ordinary paperclip: 1. **SIM Card Tray Ejector:** Many modern smartphones require a tiny, specialized tool to pop out the SIM card tray. A straightened…
      3. Here are five unusual but genuinely useful things you can do with an ordinary paperclip: 1. **Emergency SIM Card Ejector:** Many modern smartphones require a small pin to be inserted into a tiny hole on the side of the p…
      4. Here are five unusual but genuinely useful things you can do with an ordinary paperclip: 1. **Precision Tool for Small Electronics/Crafts (Tweezers Substitute):** When you straighten and slightly manipulate the ends of a…

══════════════════════════════════════════════════════════════════════════════
[factual] In one sentence, what causes the seasons on Earth?
══════════════════════════════════════════════════════════════════════════════

  ▸ greedy       len~ 20  unique 1/1  distinct-2 1.00
      1. The seasons on Earth are primarily caused by the tilt of the Earth's axis as it revolves around the Sun.

  ▸ temp-0.7     len~ 19  unique 4/4  distinct-2 0.30
      1. The seasons on Earth are primarily caused by the tilt of the Earth's axis as it revolves around the Sun.
      2. The seasons on Earth are caused by the tilt of the Earth's axis as it revolves around the Sun.
      3. The seasons on Earth are caused by the tilt of the planet's axis as it revolves around the Sun.
      4. The seasons on Earth are caused by the tilt of the planet's axis as it revolves around the sun.

  ▸ temp-1.2     len~ 19  unique 4/4  distinct-2 0.30
      1. The seasons on Earth are primarily caused by the tilt of the Earth's axis as it revolves around the Sun.
      2. The seasons on Earth are caused by the tilt of the Earth's axis as it revolves around the Sun.
      3. The seasons on Earth are caused by the tilt of the planet's axis as it revolves around the Sun.
      4. The seasons on Earth are caused by the tilt of the planet's axis as it revolves around the sun.

  ▸ hlg-default  len~ 19  unique 4/4  distinct-2 0.30
      1. The seasons on Earth are primarily caused by the tilt of the Earth's axis as it revolves around the Sun.
      2. The seasons on Earth are caused by the tilt of the Earth's axis as it revolves around the Sun.
      3. The seasons on Earth are caused by the tilt of the planet's axis as it revolves around the Sun.
      4. The seasons on Earth are caused by the tilt of the planet's axis as it revolves around the sun.

  ▸ hlg-rolloff  len~ 19  unique 4/4  distinct-2 0.30
      1. The seasons on Earth are primarily caused by the tilt of the Earth's axis as it revolves around the Sun.
      2. The seasons on Earth are caused by the tilt of the Earth's axis as it revolves around the Sun.
      3. The seasons on Earth are caused by the tilt of the planet's axis as it revolves around the Sun.
      4. The seasons on Earth are caused by the tilt of the planet's axis as it revolves around the sun.

══════════════════════════════════════════════════════════════════════════════
[reasoning] A bat and a ball cost $1.10 in total. The bat costs $1.00 more than the ball. How much does the ball cost? Think step by step, then give the final answer.
══════════════════════════════════════════════════════════════════════════════

  ▸ greedy       len~ 48  unique 1/1  distinct-2 0.87
      1. Here is the step-by-step solution: **1. Define variables:** Let $B$ be the cost of the bat. Let $L$ be the cost of the ball. **2. Set up the equations based on the problem description:** * **Total Cost:** The bat and the…

  ▸ temp-0.7     len~ 48  unique 4/4  distinct-2 0.28
      1. Here is the step-by-step solution: **1. Define variables:** Let $B$ be the cost of the bat. Let $L$ be the cost of the ball. **2. Set up the equations based on the given information:** * **Total cost:** The bat and ball …
      2. Here is the step-by-step solution: **1. Define variables:** * Let $B$ be the cost of the bat. * Let $L$ be the cost of the ball. **2. Set up the equations based on the problem description:** * **Equation 1 (Total Cost):*…
      3. Here's the step-by-step solution: **1. Define variables:** * Let $B$ be the cost of the bat. * Let $L$ be the cost of the ball. **2. Set up the equations based on the problem statement:** * **Total Cost:** The bat and ba…
      4. Here is the step-by-step solution: **1. Define variables:** * Let $B$ be the price of the bat. * Let $L$ be the price of the ball. **2. Set up the equations based on the problem description:** * **Equation 1 (Total Cost)…

  ▸ temp-1.2     len~ 47  unique 4/4  distinct-2 0.34
      1. Here's a step-by-step solution: **1. Define variables:** * Let $B$ be the cost of the bat. * Let $L$ be the cost of the ball. **2. Set up the equations based on the information given:** * **Total Cost:** $B + L = \$1.10$…
      2. Here's a step-by-step solution to the problem: **1. Define variables:** * Let $B$ be the cost of the bat. * Let $L$ be the cost of the ball. **2. Set up the equations based on the given information:** * **Equation 1 (Tot…
      3. Here's a step-by-step solution to the problem: **1. Define variables:** * Let $B$ be the cost of the bat. * Let $L$ be the cost of the ball. **2. Set up the equations based on the information given:** * **Total cost:** T…
      4. Here is the step-by-step solution: **1. Define variables:** * Let $B$ be the price of the bat. * Let $L$ be the price of the ball. **2. Set up the equations based on the problem description:** * **Total cost:** $B + L = …

  ▸ hlg-default  len~ 49  unique 4/4  distinct-2 0.30
      1. Here's a step-by-step solution to the problem: **1. Define Variables:** * Let $B$ be the cost of the bat. * Let $L$ be the cost of the ball. **2. Set Up Equations Based on the Given Information:** * **Total Cost:** The b…
      2. Here is the step-by-step solution: **1. Define variables:** * Let $B$ be the cost of the bat. * Let $L$ be the cost of the ball. **2. Set up equations based on the problem description:** * **Equation 1 (Total Cost):** Th…
      3. Here's a step-by-step solution to the problem: **1. Define variables:** * Let $B$ be the cost of the bat. * Let $L$ be the cost of the ball. **2. Set up the equations based on the information given:** * **Equation 1 (Tot…
      4. Here is the step-by-step solution: **1. Define variables:** * Let $B$ be the price of the bat. * Let $L$ be the price of the ball. **2. Set up the equations based on the problem description:** * **Equation 1 (Total Cost)…

  ▸ hlg-rolloff  len~ 47  unique 4/4  distinct-2 0.34
      1. Here's a step-by-step solution: **1. Define variables:** * Let $B$ be the cost of the bat. * Let $L$ be the cost of the ball. **2. Set up the equations based on the problem description:** * **Total Cost:** $B + L = 1.10$…
      2. Here's a step-by-step solution to the problem: **1. Define variables:** * Let $B$ be the cost of the bat. * Let $L$ be the cost of the ball. **2. Set up the equations based on the given information:** * **Equation 1 (Tot…
      3. Here's a step-by-step solution to the problem: **1. Define variables:** * Let $B$ be the cost of the bat. * Let $L$ be the cost of the ball. **2. Set up the equations based on the information given:** * **Total cost:** T…
      4. Here is the step-by-step solution: **1. Define variables:** * Let $B$ be the price of the bat. * Let $L$ be the price of the ball. **2. Set up the equations based on the problem description:** * **Total cost:** $B + L = …

══════════════════════════════════════════════════════════════════════════════
[continuation] Complete this thought in a vivid, original way: 'The strangest thing about human memory is'
══════════════════════════════════════════════════════════════════════════════

  ▸ greedy       len~ 61  unique 1/1  distinct-2 0.97
      1. 'The strangest thing about human memory is **how it doesn't archive; it *re-weaves*. It's not a dusty library where facts are retrieved, but a constantly shifting tapestry where the thread of the original event is perpet…

  ▸ temp-0.7     len~ 57  unique 4/4  distinct-2 0.84
      1. 'The strangest thing about human memory is **how it doesn't archive reality, but rather, meticulously curates a series of highly edited, emotionally charged highlight reels of things that *almost* happened, making us bel…
      2. 'The strangest thing about human memory is **how it doesn't function like a perfect archive, but rather like a highly selective, perpetually re-edited film reel, where the most vibrant emotional moments are polished to a…
      3. 'The strangest thing about human memory is **how it doesn't archive; it *re-weaves***—a tapestry constantly subjected to the humid, distorting breath of the present, where yesterday’s sharp edges blur into sentimental wa…
      4. 'The strangest thing about human memory is **how it doesn't file itself like a neat library, but instead behaves like a kaleidoscope—a familiar scene suddenly fractured into a thousand glittering, wildly rearranged shard…

  ▸ temp-1.2     len~ 52  unique 4/4  distinct-2 0.87
      1. 'The strangest thing about human memory is **how it doesn't archive reality, but rather collaboratively stitches together a museum exhibit—a flawless, highly dramatized reconstruction built in real-time from fragments of…
      2. The strangest thing about human memory is **how it insists on offering you fractured continents where whole worlds should be, allowing you to swim through half-remembered sunsets and scent-ghosts of long-gone laughter, a…
      3. 'The strangest thing about human memory is **how it acts less like a library and more like a chaotic, improvisational stage director, constantly remixing the archived tape, deciding where the spotlight should flash, and …
      4. 'The strangest thing about human memory is **how it vaccinates us against our own truth, allowing us to live perpetually in a beautifully polished, utterly self-serving museum dedicated to who we *wanted* to be, rather t…

  ▸ hlg-default  len~ 51  unique 4/4  distinct-2 0.83
      1. 'The strangest thing about human memory is **how it doesn't archive reality, but rather, meticulously curates a series of highly edited, emotionally charged highlight reels of things that *almost* happened, making us bel…
      2. Here are a few vivid and original ways to complete that thought, depending on the tone you want: **Option 1: Poetic/Philosophical (Focus on malleability)** > "The strangest thing about human memory is that it doesn't fun…
      3. 'The strangest thing about human memory is **how it doesn't preserve history; it *rewrites* it, a shimmering, unreliable tapestry woven from the echo of the moment, coloured by the anxieties of the present.**'
      4. 'The strangest thing about human memory is **how it doesn't file itself neatly like a library inventory, but instead, keeps rearranging its shelves, occasionally gluing a vivid, illogical dream onto a factual Tuesday, le…

  ▸ hlg-rolloff  len~ 45  unique 4/4  distinct-2 0.83
      1. 'The strangest thing about human memory is **how it doesn't archive reality, but rather, constantly, beautifully, and sometimes terrifyingly, *re-weaves* it—a moth-eaten tapestry of impression, emotion, and the sheer, re…
      2. The strangest thing about human memory is **how it acts not like a pristine, indexed library, but like a bonfire: beautiful, consuming, utterly transformative, and forever leaving behind ash-scented echoes of things that…
      3. 'The strangest thing about human memory is **how it acts less like a library and more like a vast, improvisational stage director, constantly remixing the archived moments, adding footnotes of what *might* have been said…
      4. 'The strangest thing about human memory is **how it doesn't file itself neatly like a library inventory, but instead, keeps rearranging its shelves, occasionally gluing a vivid, illogical dream onto a factual Tuesday, le…

(done)
