# HLG fine diversity peaks — model "gemma-4-e4b-it-OptiQ-4bit"  (1−self-BLEU, K=20 samples/point)
# base {"window":6,"shoulderA":0.35,"sM":0.7,"targetGap":15,"refGap":4,"lw":1200} ; canary gate K=20 too.

default recipe (T=1 topP=0.95 topK=64): diversity 0.633  junk 0.0%   ← reference


=== L_W around the diversity peak ===
  lw       note     canary   diversity (vs 0.633)
      100 γ=0.78      0%   0.421  -0.212
      150 γ=0.85      0%   0.418  -0.215
      220 γ=0.92      0%   0.412  -0.221
      320 γ=0.99      0%   0.432  -0.202
      470 γ=1.06      0%   0.439  -0.194
      680 γ=1.13      0%   0.446  -0.187
     1000 γ=1.20      0%   0.443  -0.190
     1500 γ=1.27      0%   0.441  -0.192

=== A diversity gradient (the free lever) ===
  shoulderA note     canary   diversity (vs 0.633)
     0.01             0%   0.663  +0.030
     0.05             0%   0.536  -0.097
      0.1             0%   0.493  -0.140
      0.2             0%   0.448  -0.185
     0.35             0%   0.437  -0.197
      0.7             0%   0.314  -0.319
