# HLG cliff resolver — model "MiniCPM5-1B-OptiQ-4bit"  (canary junk gradient, K=5 seeds/step)
# base {"window":6,"shoulderA":0.35,"sM":0.7,"targetGap":15,"refGap":4,"lw":1200} ; unit steps through the steep features, rails dropped.


=== target_gap cliff (base: A=0.35, s_m=0.7, W=6) ===
  targetGap  meanjunk   maxjunk   break-rate   bar
         7      9%      19%      4/5       ████
         8      1%       4%      1/5       
         9      1%       2%      3/5       
        10      2%       9%      1/5       █
        11      0%       0%      0/5       
        12      0%       0%      0/5       
        13      0%       0%      0/5       

=== W lower edge @ high A (A=100, channel-closing) ===
  window     meanjunk   maxjunk   break-rate   bar
         3     11%      17%      5/5       ████
         4     11%      20%      5/5       ████
         5      9%      14%      5/5       ████
         6      4%      10%      4/5       ██
         7      2%       8%      1/5       █
         8      0%       0%      0/5       
         9      0%       0%      0/5       
        10      0%       0%      0/5       

(done — 15 steps; results → /Users/joshrossi/Code/mlx-bun/docs/investigations/hlg-runs/hlg-cliff.json)
