# HLG comparison — model "gemma-4-e4b-it-OptiQ-4bit"
# recommended recipe (control): temp 1 · top_p 0.95 · top_k 64   |   K=4, maxTokens=80
# distinct-2 is computed AFTER stripping the shared chat-template prefix.


══════════════════════════════════════════════════════════════════════════════
[creative] Write the first sentence of a short story about a lighthouse keeper who discovers something strange in the fog.
══════════════════════════════════════════════════════════════════════════════

  ▸ greedy       len~ 36  unique 1/1  distinct-2 0.97
      1. The fog, a thick, clammy blanket that swallowed the beam of the old lantern, seemed to press against the glass of the tower, and it was in that suffocating grey that Silas first saw the impossible.

  ▸ recommended  len~ 35  unique 4/4  distinct-2 0.90
      1. The fog, a thick, woolly blanket that swallowed the beam of his lantern, seemed to press against the glass, and it was through that swirling gray veil that Silas first saw the impossible.
      2. The sea fog, a thick, soupy thing that seemed to swallow the very sound of the waves, usually brought with it only the familiar smell of salt and damp stone, but this morning, it carried a faint, metallic tang, like old …
      3. The relentless, salt-laced fog that clung to the tower like a shroud offered no respite until the silence was broken by a sound that certainly hadn't been the groan of the old lamp mechanism.
      4. The fog, a thick, clammy blanket that swallowed the horizon whole, finally delivered something unexpected to the beam of the Grand Shoal light.

  ▸ rec+hlg      len~ 36  unique 4/4  distinct-2 0.89
      1. The fog, a thick and suffocating blanket that clung to the granite tower like wet wool, had been a familiar, monotonous companion to Elias for thirty years, yet this morning, when it rolled in, it carried a scent entirel…
      2. The sea fog, a thick, soupy thing that seemed to swallow the very light from the lantern, usually brought with it only the familiar smell of salt and damp rock, but this morning, it carried a scent of something alien and…
      3. The relentless, salt-laced fog that clung to the tower like a shroud offered up, on a Tuesday afternoon, something that was decidedly, inexplicably *not* a seabird.
      4. The fog, a thick and clammy blanket that swallowed the horizon whole, finally delivered something unexpected to the beam's sweep.

  ▸ hlg-replace  len~ 38  unique 4/4  distinct-2 0.90
      1. The fog, a thick and scudding curtain that had swallowed the coastline whole, seemed to press against the glass of the lantern room, but what Silas glimpsed in its inky heart was something that decidedly did not belong t…
      2. The sea fog, a thick, soupy thing that seemed to swallow the very light from the lantern, usually brought with it only the familiar smell of salt and damp rock, but this morning, it carried a scent of something alien and…
      3. The relentless, butter-yellow fog that clung to the granite tower seemed to thicken overnight, muffling the familiar screech of the gulls until, as Arthur scanned the swirling grey, a single, impossible flash of deep sap…
      4. The fog, a thick and clammy blanket that swallowed the horizon whole, finally delivered something unexpected to the scoured lens glass, something that wasn't salt spray or driftwood.

══════════════════════════════════════════════════════════════════════════════
[brainstorm] List five unusual but genuinely useful things you can do with an ordinary paperclip.
══════════════════════════════════════════════════════════════════════════════

  ▸ greedy       len~ 62  unique 1/1  distinct-2 0.97
      1. Here are five unusual but genuinely useful things you can do with an ordinary paperclip: 1. **Emergency SIM Card Ejector Tool:** Many smartphones have a tiny SIM card tray that requires a specific, thin tool to eject it.…

  ▸ recommended  len~ 60  unique 4/4  distinct-2 0.78
      1. Here are five unusual but genuinely useful things you can do with an ordinary paperclip: 1. **Improvised SIM Card Tray Ejector:** Most modern smartphones have a tiny SIM card tray that requires a specific ejection tool. …
      2. Here are five unusual but genuinely useful things you can do with an ordinary paperclip: 1. **SIM Card Tray Ejector:** Many modern smartphones require a tiny, specialized tool to pop out the SIM card tray. A straightened…
      3. Here are five unusual but genuinely useful things you can do with an ordinary paperclip: 1. **Emergency SIM Card Ejector:** Many modern smartphones require a small pin to be inserted into a tiny hole on the side of the p…
      4. Here are five unusual but genuinely useful things you can do with an ordinary paperclip: 1. **Precision Tool for Small Electronics/Crafts (Tweezers Substitute):** When you straighten and slightly manipulate the ends of a…

  ▸ rec+hlg      len~ 61  unique 4/4  distinct-2 0.88
      1. Here are five unusual but genuinely useful things you can do with an ordinary paperclip: 1. **Improvised Zipper Pull:** If the tab or pull on a zipper breaks off or becomes too small to grip, you can carefully thread a s…
      2. Here are five unusual but genuinely useful things you can do with an ordinary paperclip: 1. **SIM Card Tray Ejector:** Many modern smartphones require a tiny, specialized tool to pop out the SIM card tray. A straightened…
      3. Here are five unusual but genuinely useful things you can do with an ordinary paperclip: 1. **Emergency SIM Card Ejector:** Many modern smartphones require a small pin to be inserted into a tiny hole on the side of the p…
      4. Here are five unusual but genuinely useful things you can do with an ordinary paperclip: 1. **Precision Tool for Small Electronics/Crafts (Tweezers Substitute):** When you straighten and slightly manipulate the ends of a…

  ▸ hlg-replace  len~ 61  unique 4/4  distinct-2 0.88
      1. Here are five unusual but genuinely useful things you can do with an ordinary paperclip: 1. **Improvised Zipper Pull:** If the tab or pull on a zipper breaks off or becomes too small to grip, you can unfold a paperclip, …
      2. Here are five unusual but genuinely useful things you can do with an ordinary paperclip: 1. **SIM Card Tray Ejector:** Many modern smartphones require a tiny, specialized tool to pop out the SIM card tray. A straightened…
      3. Here are five unusual but genuinely useful things you can do with an ordinary paperclip: 1. **Emergency SIM Card Ejector:** Many modern smartphones require a small pin to be inserted into a tiny hole on the side of the p…
      4. Here are five unusual but genuinely useful things you can do with an ordinary paperclip: 1. **Precision Tool for Small Electronics/Crafts (Tweezers Substitute):** When you straighten and slightly manipulate the ends of a…

══════════════════════════════════════════════════════════════════════════════
[factual] In one sentence, what causes the seasons on Earth?
══════════════════════════════════════════════════════════════════════════════

  ▸ greedy       len~ 20  unique 1/1  distinct-2 1.00
      1. The seasons on Earth are primarily caused by the tilt of the Earth's axis as it revolves around the Sun.

  ▸ recommended  len~ 19  unique 4/4  distinct-2 0.30
      1. The seasons on Earth are primarily caused by the tilt of the Earth's axis as it revolves around the Sun.
      2. The seasons on Earth are caused by the tilt of the Earth's axis as it revolves around the Sun.
      3. The seasons on Earth are caused by the tilt of the planet's axis as it revolves around the Sun.
      4. The seasons on Earth are caused by the tilt of the planet's axis as it revolves around the sun.

  ▸ rec+hlg      len~ 19  unique 4/4  distinct-2 0.30
      1. The seasons on Earth are primarily caused by the tilt of the Earth's axis as it revolves around the Sun.
      2. The seasons on Earth are caused by the tilt of the Earth's axis as it revolves around the Sun.
      3. The seasons on Earth are caused by the tilt of the planet's axis as it revolves around the Sun.
      4. The seasons on Earth are caused by the tilt of the planet's axis as it revolves around the sun.

  ▸ hlg-replace  len~ 19  unique 4/4  distinct-2 0.30
      1. The seasons on Earth are primarily caused by the tilt of the Earth's axis as it revolves around the Sun.
      2. The seasons on Earth are caused by the tilt of the Earth's axis as it revolves around the Sun.
      3. The seasons on Earth are caused by the tilt of the planet's axis as it revolves around the Sun.
      4. The seasons on Earth are caused by the tilt of the planet's axis as it revolves around the sun.

══════════════════════════════════════════════════════════════════════════════
[reasoning] A bat and a ball cost $1.10 in total. The bat costs $1.00 more than the ball. How much does the ball cost? Think step by step, then give the final answer.
══════════════════════════════════════════════════════════════════════════════

  ▸ greedy       len~ 48  unique 1/1  distinct-2 0.87
      1. Here is the step-by-step solution: **1. Define variables:** Let $B$ be the cost of the bat. Let $L$ be the cost of the ball. **2. Set up the equations based on the problem description:** * **Total Cost:** The bat and the…

  ▸ recommended  len~ 49  unique 4/4  distinct-2 0.28
      1. Here's a step-by-step solution to the problem: **1. Define Variables:** * Let $B$ be the cost of the bat. * Let $L$ be the cost of the ball. **2. Set Up Equations Based on the Given Information:** * **Total Cost:** The b…
      2. Here's a step-by-step solution to the problem: **1. Define variables:** * Let $B$ be the cost of the bat. * Let $L$ be the cost of the ball. **2. Set up the equations based on the given information:** * **Equation 1 (Tot…
      3. Here's a step-by-step solution to the problem: **1. Define variables:** * Let $B$ be the cost of the bat. * Let $L$ be the cost of the ball. **2. Set up the equations based on the given information:** * **Total Cost:** T…
      4. Here is the step-by-step solution: **1. Define variables:** * Let $B$ be the cost of the bat. * Let $L$ be the cost of the ball. **2. Set up the equations based on the problem description:** * **Equation 1 (Total Cost):*…

  ▸ rec+hlg      len~ 47  unique 4/4  distinct-2 0.32
      1. Here's a step-by-step solution: **1. Define variables:** * Let $B$ be the cost of the bat. * Let $L$ be the cost of the ball. **2. Set up the equations based on the problem description:** * **Total Cost:** $B + L = 1.10$…
      2. Here's a step-by-step solution to the problem: **1. Define variables:** * Let $B$ be the cost of the bat. * Let $L$ be the cost of the ball. **2. Set up the equations based on the given information:** * **Equation 1 (Tot…
      3. Here's a step-by-step solution to the problem: **1. Define variables:** * Let $B$ be the cost of the bat. * Let $L$ be the cost of the ball. **2. Set up the equations based on the given information:** * **Total Cost:** T…
      4. Here is the step-by-step solution: **1. Define variables:** * Let $B$ be the cost of the bat. * Let $L$ be the cost of the ball. **2. Set up the equations based on the problem description:** * **Total cost:** $B + L = \$…

  ▸ hlg-replace  len~ 47  unique 4/4  distinct-2 0.34
      1. Here's a step-by-step solution: **1. Define variables:** * Let $B$ be the cost of the bat. * Let $L$ be the cost of the ball. **2. Set up the equations based on the information given:** * **Total Cost:** $B + L = 1.10$ (…
      2. Here's a step-by-step solution to the problem: **1. Define variables:** * Let $B$ be the cost of the bat. * Let $L$ be the cost of the ball. **2. Set up the equations based on the given information:** * **Equation 1 (Tot…
      3. Here's a step-by-step solution to the problem: **1. Define variables:** * Let $B$ be the cost of the bat. * Let $L$ be the cost of the ball. **2. Set up the equations based on the information given:** * **Total cost:** T…
      4. Here is the step-by-step solution: **1. Define variables:** * Let $B$ be the price of the bat. * Let $L$ be the price of the ball. **2. Set up the equations based on the problem description:** * **Total cost:** $B + L = …

══════════════════════════════════════════════════════════════════════════════
[continuation] Complete this thought in a vivid, original way: 'The strangest thing about human memory is'
══════════════════════════════════════════════════════════════════════════════

  ▸ greedy       len~ 61  unique 1/1  distinct-2 0.97
      1. 'The strangest thing about human memory is **how it doesn't archive; it *re-weaves*. It's not a dusty library where facts are retrieved, but a constantly shifting tapestry where the thread of the original event is perpet…

  ▸ recommended  len~ 46  unique 4/4  distinct-2 0.75
      1. 'The strangest thing about human memory is **how it doesn't archive reality, but rather, a thousand, exquisitely tailored echoes of what *might* have been—a shimmering, unreliable tapestry woven from the scent of old rai…
      2. The strangest thing about human memory is **how it insists on being a fractured, unreliable tapestry woven from the scent of old rain, the ghost echo of a forgotten laughter, and the jarring, luminous clarity of a moment…
      3. 'The strangest thing about human memory is **how it acts less like a library and more like a chaotic, improvisational stage director, constantly remixing the archived moments, adding footnotes of what *might* have happen…
      4. 'The strangest thing about human memory is **how it doesn't file itself neatly like a library, but instead behaves more like a bioluminescent, forgotten dream—a collection of vivid, wildly disproportionate fragments that…

  ▸ rec+hlg      len~ 50  unique 4/4  distinct-2 0.84
      1. 'The strangest thing about human memory is **how it doesn't archive reality, but rather, a thousand, exquisitely tailored echoes of what once was—a tapestry woven from pure emotion, statistical guesswork, and the despera…
      2. The strangest thing about human memory is **how it insists on being a fractured, unreliable tapestry woven from phantom sensations—a beautiful, haunting collage where the ghost of a scent from childhood can anchor a pres…
      3. 'The strangest thing about human memory is **how it acts less like a library and more like a chaotic, improvisational stage director, constantly remixing the archived moments, deciding which memories deserve a spotlight,…
      4. 'The strangest thing about human memory is **how it doesn't file itself neatly away like data, but instead behaves like a kaleidoscope—a shimmering, unreliable mosaic where the edges of one cherished moment constantly bl…

  ▸ hlg-replace  len~ 57  unique 4/4  distinct-2 0.86
      1. 'The strangest thing about human memory is **how it doesn't archive reality, but rather, a thousand, exquisitely tailored echoes of what once was—a tapestry woven in golden-hued nostalgia, punctuated by the ghostly clari…
      2. The strangest thing about human memory is **how it insists on being a fractured, unreliable portrait of something that never quite existed, yet feels more profoundly true than the moment itself.** *** **Further elaborati…
      3. 'The strangest thing about human memory is **how it acts less like a library and more like a chaotic, improvisational stage director, constantly remixing the archived tape, deciding where the spotlight should fall, and o…
      4. 'The strangest thing about human memory is **how it doesn't file itself neatly away like data, but instead behaves like a cartographer's stain—aving purpose, dissolving under new light, and occasionally leaving behind th…

(done)
