# HLG comparison — model "gemma-4-e4b-it-OptiQ-4bit"
# recommended recipe HELD FIXED on every row: temp 1 · top_p 0.95 · top_k 64   |   K=4, maxTokens=80
# only the sampling curve changes; hlg-* rows keep the recommended top_p/top_k.
# distinct-2 is computed AFTER stripping the shared chat-template prefix.


══════════════════════════════════════════════════════════════════════════════
[creative] Write the first sentence of a short story about a lighthouse keeper who discovers something strange in the fog.
══════════════════════════════════════════════════════════════════════════════

  ▸ greedy       len~ 36  unique 1/1  distinct-2 0.97
      1. The fog, a thick, clammy blanket that swallowed the beam of the old lantern, seemed to press against the glass of the tower, and it was in that suffocating grey that Silas first saw the impossible.

  ▸ standard     len~ 35  unique 4/4  distinct-2 0.90
      1. The fog, a thick, woolly blanket that swallowed the beam of his lantern, seemed to press against the glass, and it was through that swirling gray veil that Silas first saw the impossible.
      2. The sea fog, a thick, soupy thing that seemed to swallow the very sound of the waves, usually brought with it only the familiar smell of salt and damp stone, but this morning, it carried a faint, metallic tang, like old …
      3. The relentless, salt-laced fog that clung to the tower like a shroud offered no respite until the silence was broken by a sound that certainly hadn't been the groan of the old lamp mechanism.
      4. The fog, a thick, clammy blanket that swallowed the horizon whole, finally delivered something unexpected to the beam of the Grand Shoal light.

  ▸ hlg-rolloff  len~ 37  unique 4/4  distinct-2 0.96
      1. The swirling, pea-soup fog that clung to the edge of the jagged coastline seemed to thicken just as Elias, his face ruddy from years of wind-whipped solitude, noticed a flicker of unnatural, vibrant green caught in the c…
      2. The sea fog, a thick, soupy thing that seemed to swallow the very light from the lamp, usually brought with it only the familiar smell of salt and damp rock, but this morning, it carried a scent of something alien and fa…
      3. The relentless, salt-laced fog that usually hugged the tower like a wet shroud seemed to be parting for a single, unsettling instance, revealing something utterly out of place upon the slick black rocks below.
      4. The fog, usually a thick, insulating blanket around the solitary tower, began to swirl with an unnatural luminescence as Silas made his evening rounds.

  ▸ hlg-midboost len~ 36  unique 4/4  distinct-2 0.90
      1. The fog, a thick, woolly blanket that swallowed the beam of his lantern, seemed to press against the glass, and it was through that swirling gray veil that Silas first saw it—a perfectly smooth, obsidian orb bobbing just…
      2. The sea fog, a thick, soupy thing that seemed to swallow the very light from the lantern, usually brought with it only the familiar smell of salt and damp rock, but this morning, it carried a scent of something alien and…
      3. The relentless, salt-laced fog that clung to the tower like a shroud offered no respite until the rhythmic beam of the lantern caught a single, impossibly bright crimson bloom nestled just beyond the granite base.
      4. The fog, a thick and clammy blanket that swallowed the horizon whole, finally delivered something unexpected to the beam's sweep.

  ▸ hlg-soft     len~ 37  unique 4/4  distinct-2 0.94
      1. The swirling, pea-soup fog that clung to the edge of the jagged coastline seemed to thicken just as Elias, his face ruddy from years of wind-whipped solitude, noticed a flicker of unnatural, vibrant green caught in the c…
      2. The sea fog, a thick, soupy thing that seemed to swallow the very light from the lamp, usually brought with it only the familiar smell of salt and damp rock, but this morning, it carried a scent of something alien and fa…
      3. The relentless, salt-laced fog that usually hugged the tower like a wet shroud seemed to be parting for a single, unsettling instance, revealing something utterly out of place upon the slick black rocks below.
      4. The fog, a thick and clammy blanket that swallowed the horizon, held a single, unsettling gleam against the spray as Silas made his midnight rounds.

  ▸ hlg-full     len~ 34  unique 4/4  distinct-2 0.92
      1. The fog, a thick, woolly blanket that swallowed the beam of his lantern, seemed to press against the glass, and it was through that swirling gray veil that Silas first saw it—a perfectly smooth, obsidian orb bobbing just…
      2. The sea fog, a thick, soupy thing that seemed to swallow the very light from the lantern, usually brought with it only the familiar smell of salt and damp rock, but this morning, it carried a scent of something alien and…
      3. The relentless, salt-laced fog that clung to the tower like a shroud offered up, on a Tuesday afternoon, something that was decidedly, inexplicably *not* a seabird.
      4. The fog, a thick and clammy blanket that swallowed the horizon whole, finally delivered something unexpected to the beam's sweep.

══════════════════════════════════════════════════════════════════════════════
[brainstorm] List five unusual but genuinely useful things you can do with an ordinary paperclip.
══════════════════════════════════════════════════════════════════════════════

  ▸ greedy       len~ 62  unique 1/1  distinct-2 0.97
      1. Here are five unusual but genuinely useful things you can do with an ordinary paperclip: 1. **Emergency SIM Card Ejector Tool:** Many smartphones have a tiny SIM card tray that requires a specific, thin tool to eject it.…

  ▸ standard     len~ 60  unique 4/4  distinct-2 0.78
      1. Here are five unusual but genuinely useful things you can do with an ordinary paperclip: 1. **Improvised SIM Card Tray Ejector:** Most modern smartphones have a tiny SIM card tray that requires a specific ejection tool. …
      2. Here are five unusual but genuinely useful things you can do with an ordinary paperclip: 1. **SIM Card Tray Ejector:** Many modern smartphones require a tiny, specialized tool to pop out the SIM card tray. A straightened…
      3. Here are five unusual but genuinely useful things you can do with an ordinary paperclip: 1. **Emergency SIM Card Ejector:** Many modern smartphones require a small pin to be inserted into a tiny hole on the side of the p…
      4. Here are five unusual but genuinely useful things you can do with an ordinary paperclip: 1. **Precision Tool for Small Electronics/Crafts (Tweezers Substitute):** When you straighten and slightly manipulate the ends of a…

  ▸ hlg-rolloff  len~ 62  unique 4/4  distinct-2 0.88
      1. Here are five unusual but genuinely useful things you can do with an ordinary paperclip: 1. **Improvised Zipper Pull:** If the tab or pull on a piece of clothing or luggage zipper breaks off, you can carefully bend a pap…
      2. Here are five unusual but genuinely useful things you can do with an ordinary paperclip: 1. **SIM Card Ejector Tool:** Many modern smartphones require a tiny, specialized tool to press the release mechanism on the SIM ca…
      3. Here are five unusual but genuinely useful things you can do with an ordinary paperclip: 1. **Emergency SIM Card Ejector:** Most modern smartphones require a small pin to press a tiny SIM card tray to open it. A straight…
      4. Here are five unusual but genuinely useful things you can do with an ordinary paperclip: 1. **Precision Tool for Small Electronics/Crafts (Tweezers Substitute):** When you straighten and slightly manipulate the ends, a p…

  ▸ hlg-midboost len~ 61  unique 4/4  distinct-2 0.82
      1. Here are five unusual but genuinely useful things you can do with an ordinary paperclip: 1. **Improvised SIM Card Tray Ejector:** Most modern smartphones have a tiny SIM card tray that requires a specific ejection tool. …
      2. Here are five unusual but genuinely useful things you can do with an ordinary paperclip: 1. **SIM Card Tray Ejector:** Many modern smartphones require a tiny, specialized tool to pop out the SIM card tray. A straightened…
      3. Here are five unusual but genuinely useful things you can do with an ordinary paperclip: 1. **Emergency SIM Card Ejector:** Many modern smartphones require a small pin to be inserted into a tiny hole on the side of the p…
      4. Here are five unusual but genuinely useful things you can do with an ordinary paperclip: 1. **Precision Tool for Small Electronics/Crafts (Tweezers Substitute):** When you straighten and slightly manipulate the ends of a…

  ▸ hlg-soft     len~ 61  unique 4/4  distinct-2 0.88
      1. Here are five unusual but genuinely useful things you can do with an ordinary paperclip: 1. **Improvised Zipper Pull:** If the tab or pull on a zipper breaks off or becomes too small to grip, you can carefully thread a s…
      2. Here are five unusual but genuinely useful things you can do with an ordinary paperclip: 1. **SIM Card Tray Ejector:** Many modern smartphones require a tiny, specialized tool to pop out the SIM card tray. A straightened…
      3. Here are five unusual but genuinely useful things you can do with an ordinary paperclip: 1. **Emergency SIM Card Ejector:** Many modern smartphones require a small pin to be inserted into a tiny hole on the side of the p…
      4. Here are five unusual but genuinely useful things you can do with an ordinary paperclip: 1. **Precision Tool for Small Electronics/Crafts (Tweezers Substitute):** When you straighten and slightly manipulate the ends of a…

  ▸ hlg-full     len~ 61  unique 4/4  distinct-2 0.88
      1. Here are five unusual but genuinely useful things you can do with an ordinary paperclip: 1. **Improvised Zipper Pull:** If the tab or pull on a zipper breaks off or becomes too small to grip, you can carefully thread a s…
      2. Here are five unusual but genuinely useful things you can do with an ordinary paperclip: 1. **SIM Card Tray Ejector:** Many modern smartphones require a tiny, specialized tool to pop out the SIM card tray. A straightened…
      3. Here are five unusual but genuinely useful things you can do with an ordinary paperclip: 1. **Emergency SIM Card Ejector:** Many modern smartphones require a small pin to be inserted into a tiny hole on the side of the p…
      4. Here are five unusual but genuinely useful things you can do with an ordinary paperclip: 1. **Precision Tool for Small Electronics/Crafts (Tweezers Substitute):** When you straighten and slightly manipulate the ends of a…

══════════════════════════════════════════════════════════════════════════════
[factual] In one sentence, what causes the seasons on Earth?
══════════════════════════════════════════════════════════════════════════════

  ▸ greedy       len~ 20  unique 1/1  distinct-2 1.00
      1. The seasons on Earth are primarily caused by the tilt of the Earth's axis as it revolves around the Sun.

  ▸ standard     len~ 19  unique 4/4  distinct-2 0.30
      1. The seasons on Earth are primarily caused by the tilt of the Earth's axis as it revolves around the Sun.
      2. The seasons on Earth are caused by the tilt of the Earth's axis as it revolves around the Sun.
      3. The seasons on Earth are caused by the tilt of the planet's axis as it revolves around the Sun.
      4. The seasons on Earth are caused by the tilt of the planet's axis as it revolves around the sun.

  ▸ hlg-rolloff  len~ 19  unique 4/4  distinct-2 0.30
      1. The seasons on Earth are primarily caused by the tilt of the Earth's axis as it revolves around the Sun.
      2. The seasons on Earth are caused by the tilt of the Earth's axis as it revolves around the Sun.
      3. The seasons on Earth are caused by the tilt of the planet's axis as it revolves around the Sun.
      4. The seasons on Earth are caused by the tilt of the planet's axis as it revolves around the sun.

  ▸ hlg-midboost len~ 19  unique 4/4  distinct-2 0.30
      1. The seasons on Earth are primarily caused by the tilt of the Earth's axis as it revolves around the Sun.
      2. The seasons on Earth are caused by the tilt of the Earth's axis as it revolves around the Sun.
      3. The seasons on Earth are caused by the tilt of the planet's axis as it revolves around the Sun.
      4. The seasons on Earth are caused by the tilt of the planet's axis as it revolves around the sun.

  ▸ hlg-soft     len~ 19  unique 4/4  distinct-2 0.30
      1. The seasons on Earth are primarily caused by the tilt of the Earth's axis as it revolves around the Sun.
      2. The seasons on Earth are caused by the tilt of the Earth's axis as it revolves around the Sun.
      3. The seasons on Earth are caused by the tilt of the planet's axis as it revolves around the Sun.
      4. The seasons on Earth are caused by the tilt of the planet's axis as it revolves around the sun.

  ▸ hlg-full     len~ 19  unique 4/4  distinct-2 0.30
      1. The seasons on Earth are primarily caused by the tilt of the Earth's axis as it revolves around the Sun.
      2. The seasons on Earth are caused by the tilt of the Earth's axis as it revolves around the Sun.
      3. The seasons on Earth are caused by the tilt of the planet's axis as it revolves around the Sun.
      4. The seasons on Earth are caused by the tilt of the planet's axis as it revolves around the sun.

══════════════════════════════════════════════════════════════════════════════
[reasoning] A bat and a ball cost $1.10 in total. The bat costs $1.00 more than the ball. How much does the ball cost? Think step by step, then give the final answer.
══════════════════════════════════════════════════════════════════════════════

  ▸ greedy       len~ 48  unique 1/1  distinct-2 0.87
      1. Here is the step-by-step solution: **1. Define variables:** Let $B$ be the cost of the bat. Let $L$ be the cost of the ball. **2. Set up the equations based on the problem description:** * **Total Cost:** The bat and the…

  ▸ standard     len~ 49  unique 4/4  distinct-2 0.28
      1. Here's a step-by-step solution to the problem: **1. Define Variables:** * Let $B$ be the cost of the bat. * Let $L$ be the cost of the ball. **2. Set Up Equations Based on the Given Information:** * **Total Cost:** The b…
      2. Here's a step-by-step solution to the problem: **1. Define variables:** * Let $B$ be the cost of the bat. * Let $L$ be the cost of the ball. **2. Set up the equations based on the given information:** * **Equation 1 (Tot…
      3. Here's a step-by-step solution to the problem: **1. Define variables:** * Let $B$ be the cost of the bat. * Let $L$ be the cost of the ball. **2. Set up the equations based on the given information:** * **Total Cost:** T…
      4. Here is the step-by-step solution: **1. Define variables:** * Let $B$ be the cost of the bat. * Let $L$ be the cost of the ball. **2. Set up the equations based on the problem description:** * **Equation 1 (Total Cost):*…

  ▸ hlg-rolloff  len~ 48  unique 4/4  distinct-2 0.31
      1. Here's a step-by-step solution: **1. Define variables:** * Let $B$ be the cost of the bat. * Let $L$ be the cost of the ball. **2. Set up the equations based on the problem description:** * **Total Cost:** $B + L = 1.10$…
      2. Here's a step-by-step solution to the problem: **1. Define variables:** * Let $B$ be the cost of the bat. * Let $L$ be the cost of the ball. **2. Set up the equations based on the given information:** * **Equation 1 (Tot…
      3. Here's a step-by-step solution to the problem: **1. Define variables:** * Let $B$ be the cost of the bat. * Let $L$ be the cost of the ball. **2. Set up the equations based on the given information:** * **Total cost:** T…
      4. Here is a step-by-step solution to the problem: **1. Define variables:** * Let $B$ be the cost of the bat. * Let $L$ be the cost of the ball. **2. Set up equations based on the problem statement:** * **Equation 1 (Total …

  ▸ hlg-midboost len~ 47  unique 4/4  distinct-2 0.32
      1. Here's a step-by-step solution: **1. Define variables:** * Let $B$ be the cost of the bat. * Let $L$ be the cost of the ball. **2. Set up the equations based on the problem description:** * **Total Cost:** $B + L = 1.10$…
      2. Here's a step-by-step solution to the problem: **1. Define variables:** * Let $B$ be the cost of the bat. * Let $L$ be the cost of the ball. **2. Set up the equations based on the given information:** * **Equation 1 (Tot…
      3. Here's a step-by-step solution to the problem: **1. Define variables:** * Let $B$ be the cost of the bat. * Let $L$ be the cost of the ball. **2. Set up the equations based on the given information:** * **Total Cost:** T…
      4. Here is the step-by-step solution: **1. Define variables:** * Let $B$ be the cost of the bat. * Let $L$ be the cost of the ball. **2. Set up the equations based on the problem description:** * **Total cost:** $B + L = \$…

  ▸ hlg-soft     len~ 48  unique 4/4  distinct-2 0.31
      1. Here's a step-by-step solution: **1. Define variables:** * Let $B$ be the cost of the bat. * Let $L$ be the cost of the ball. **2. Set up the equations based on the problem description:** * **Total Cost:** $B + L = 1.10$…
      2. Here's a step-by-step solution to the problem: **1. Define variables:** * Let $B$ be the cost of the bat. * Let $L$ be the cost of the ball. **2. Set up the equations based on the given information:** * **Equation 1 (Tot…
      3. Here's a step-by-step solution to the problem: **1. Define variables:** * Let $B$ be the cost of the bat. * Let $L$ be the cost of the ball. **2. Set up the equations based on the given information:** * **Total cost:** T…
      4. Here is a step-by-step solution to the problem: **1. Define variables:** * Let $B$ be the cost of the bat. * Let $L$ be the cost of the ball. **2. Set up equations based on the problem statement:** * **Equation 1 (Total …

  ▸ hlg-full     len~ 47  unique 4/4  distinct-2 0.32
      1. Here's a step-by-step solution: **1. Define variables:** * Let $B$ be the cost of the bat. * Let $L$ be the cost of the ball. **2. Set up the equations based on the problem description:** * **Total Cost:** $B + L = 1.10$…
      2. Here's a step-by-step solution to the problem: **1. Define variables:** * Let $B$ be the cost of the bat. * Let $L$ be the cost of the ball. **2. Set up the equations based on the given information:** * **Equation 1 (Tot…
      3. Here's a step-by-step solution to the problem: **1. Define variables:** * Let $B$ be the cost of the bat. * Let $L$ be the cost of the ball. **2. Set up the equations based on the given information:** * **Total Cost:** T…
      4. Here is the step-by-step solution: **1. Define variables:** * Let $B$ be the cost of the bat. * Let $L$ be the cost of the ball. **2. Set up the equations based on the problem description:** * **Total cost:** $B + L = \$…

══════════════════════════════════════════════════════════════════════════════
[continuation] Complete this thought in a vivid, original way: 'The strangest thing about human memory is'
══════════════════════════════════════════════════════════════════════════════

  ▸ greedy       len~ 61  unique 1/1  distinct-2 0.97
      1. 'The strangest thing about human memory is **how it doesn't archive; it *re-weaves*. It's not a dusty library where facts are retrieved, but a constantly shifting tapestry where the thread of the original event is perpet…

  ▸ standard     len~ 46  unique 4/4  distinct-2 0.75
      1. 'The strangest thing about human memory is **how it doesn't archive reality, but rather, a thousand, exquisitely tailored echoes of what *might* have been—a shimmering, unreliable tapestry woven from the scent of old rai…
      2. The strangest thing about human memory is **how it insists on being a fractured, unreliable tapestry woven from the scent of old rain, the ghost echo of a forgotten laughter, and the jarring, luminous clarity of a moment…
      3. 'The strangest thing about human memory is **how it acts less like a library and more like a chaotic, improvisational stage director, constantly remixing the archived moments, adding footnotes of what *might* have happen…
      4. 'The strangest thing about human memory is **how it doesn't file itself neatly like a library, but instead behaves more like a bioluminescent, forgotten dream—a collection of vivid, wildly disproportionate fragments that…

  ▸ hlg-rolloff  len~ 43  unique 4/4  distinct-2 0.82
      1. 'The strangest thing about human memory is **how it doesn't archive reality, but rather, a thousand, exquisitely tailored echoes of what once was—a tapestry woven from pure emotion, statistical guesswork, and the despera…
      2. The strangest thing about human memory is **how it insists on polishing fractured timelines into gleaming, heroic monuments, even when the original quarry was a muddy, bewildered wreckage of fleeting moments.**
      3. 'The strangest thing about human memory is **how it acts less like a library and more like a chaotic, improvisational stage director, constantly remixing the archived moments, deciding which memories deserve a spotlight,…
      4. 'The strangest thing about human memory is **how it doesn't file itself neatly away like data, but instead behaves like a kaleidoscope—each retrieval is a rearrangement, a fleeting, beautifully distorted echo of the orig…

  ▸ hlg-midboost len~ 47  unique 4/4  distinct-2 0.83
      1. 'The strangest thing about human memory is **how it doesn't archive reality, but rather, a thousand, exquisitely tailored echoes of what *might* have been—a beautiful, unreliable scaffolding of feeling draped over the gh…
      2. The strangest thing about human memory is **how it insists on being a fractured, unreliable tapestry woven from phantom sensations—a beautiful, haunting collage where the ghost of a scent from childhood can trigger the p…
      3. 'The strangest thing about human memory is **how it acts less like a library and more like a chaotic, improvisational stage director, constantly remixing the archival footage with present-day anxiety, leaving you with mo…
      4. 'The strangest thing about human memory is **how it doesn't file itself neatly away like data, but instead behaves like a kaleidoscope—a shimmering, unreliable mosaic where the edges of one cherished moment constantly bl…

  ▸ hlg-soft     len~ 48  unique 4/4  distinct-2 0.84
      1. 'The strangest thing about human memory is **how it doesn't archive reality, but rather, a thousand, exquisitely tailored echoes of what once was—a tapestry woven from pure emotion, statistical guesswork, and the despera…
      2. The strangest thing about human memory is **how it insists on polishing fractured timelines into gleaming, heroic monuments, even when the original quarry was a muddy, bewildered wreckage of fleeting moments.**
      3. 'The strangest thing about human memory is **how it acts less like a library and more like a chaotic, improvisational stage director, constantly remixing the archived moments, granting undue grandeur to a spilled cup of …
      4. 'The strangest thing about human memory is **how it doesn't file itself neatly away like data, but instead behaves like a kaleidoscope—a shimmering, unreliable collage where the joyous sharpest peaks rub against the fain…

  ▸ hlg-full     len~ 53  unique 4/4  distinct-2 0.85
      1. 'The strangest thing about human memory is **how it doesn't archive reality, but rather, a thousand, exquisitely tailored echoes of what once was—a tapestry woven from pure emotion, statistical guesswork, and the despera…
      2. The strangest thing about human memory is **how it insists on being a fractured, unreliable tapestry woven from phantom sensations—a beautiful, haunting collage where the ghost of a scent from childhood can anchor a pres…
      3. 'The strangest thing about human memory is **how it acts less like a library and more like a chaotic, improvisational stage director, constantly remixing the archived moments, deciding which memories deserve a spotlight,…
      4. 'The strangest thing about human memory is **how it doesn't file itself neatly away like data, but instead behaves like a kaleidoscope—a shimmering, unreliable mosaic where the edges of one cherished moment constantly bl…

(done)
