# HLG comparison — model "gemma-4-e4b-it-OptiQ-4bit"
# standard (control) = the model's recipe: temp 1 · top_p 0.95 · top_k 64   |   K=4, maxTokens=80
# hlg-* = REPLACEMENT sampler (one curve, 3 pivot placements, no top_p/top_k).
# distinct-2 is computed AFTER stripping the shared chat-template prefix.


══════════════════════════════════════════════════════════════════════════════
[creative] Write the first sentence of a short story about a lighthouse keeper who discovers something strange in the fog.
══════════════════════════════════════════════════════════════════════════════

  ▸ greedy       len~ 36  unique 1/1  distinct-2 0.97
      1. The fog, a thick, clammy blanket that swallowed the beam of the old lantern, seemed to press against the glass of the tower, and it was in that suffocating grey that Silas first saw the impossible.

  ▸ standard     len~ 35  unique 4/4  distinct-2 0.90
      1. The fog, a thick, woolly blanket that swallowed the beam of his lantern, seemed to press against the glass, and it was through that swirling gray veil that Silas first saw the impossible.
      2. The sea fog, a thick, soupy thing that seemed to swallow the very sound of the waves, usually brought with it only the familiar smell of salt and damp stone, but this morning, it carried a faint, metallic tang, like old …
      3. The relentless, salt-laced fog that clung to the tower like a shroud offered no respite until the silence was broken by a sound that certainly hadn't been the groan of the old lamp mechanism.
      4. The fog, a thick, clammy blanket that swallowed the horizon whole, finally delivered something unexpected to the beam of the Grand Shoal light.

  ▸ hlg-oetf     len~ 35  unique 4/4  distinct-2 0.98
      1. The word helpang met簿 scfileobjextracteddatabases Static held Solomon at bay, muffling the familiar rhythm of the turning lamp against the crushing seathidden filaments muff understandining only failed nets fragments of …
      2. The sea fog hadn Ava’s weathered slice of cliff snatched overnight into an entity as close as King Jammer eyes were home gathers to but you listening
      3. The clammy whiteness of the house fog tasted like brine and old wishes, but it wasn't the sea damp creeping through Eunth, hunched solitary käenetlistening carousel wherecedsion brought parenapse totality.
      4. It descended not with the typical hiss of sea fog, but as suddenly as a closing earlobe falling into satin.

  ▸ hlg-top      len~ 33  unique 4/4  distinct-2 0.95
      1. The swirling, pea-soup fog that clung to the edge of the jagged coastline seemed to thicken just as a flash of unnatural green light pulsed from the gray expanse.
      2. The sea fog, a thick, soupy thing that seemed to swallow the very light from the lamp, usually brought with it only the familiar smell of salt and damp rock, but this morning, it carried a scent of something alien.
      3. The relentless, butter-yellow fog was thick enough to chew, and steady, Elias felt the usual creeping silence of the sea wrapping around the tower like a shroud when the odd, rhythmic glimmer appeared ten正常的 yards from t…
      4. The fog, usually a thick, insulating blanket around the solitary tower, began to swirl with an unnatural luminescence as he made his evening rounds.

══════════════════════════════════════════════════════════════════════════════
[brainstorm] List five unusual but genuinely useful things you can do with an ordinary paperclip.
══════════════════════════════════════════════════════════════════════════════

  ▸ greedy       len~ 62  unique 1/1  distinct-2 0.97
      1. Here are five unusual but genuinely useful things you can do with an ordinary paperclip: 1. **Emergency SIM Card Ejector Tool:** Many smartphones have a tiny SIM card tray that requires a specific, thin tool to eject it.…

  ▸ standard     len~ 60  unique 4/4  distinct-2 0.78
      1. Here are five unusual but genuinely useful things you can do with an ordinary paperclip: 1. **Improvised SIM Card Tray Ejector:** Most modern smartphones have a tiny SIM card tray that requires a specific ejection tool. …
      2. Here are five unusual but genuinely useful things you can do with an ordinary paperclip: 1. **SIM Card Tray Ejector:** Many modern smartphones require a tiny, specialized tool to pop out the SIM card tray. A straightened…
      3. Here are five unusual but genuinely useful things you can do with an ordinary paperclip: 1. **Emergency SIM Card Ejector:** Many modern smartphones require a small pin to be inserted into a tiny hole on the side of the p…
      4. Here are five unusual but genuinely useful things you can do with an ordinary paperclip: 1. **Precision Tool for Small Electronics/Crafts (Tweezers Substitute):** When you straighten and slightly manipulate the ends of a…

  ▸ hlg-oetf     len~ 47  unique 4/4  distinct-2 0.85
      1. Here are five unusual but genuinely useful things you can do with a paragraph clipping:adier hopper prong adapter handyhousehold hat thrown display jobs after using small can TVs fascinuurpts understandininggrippings gri…
      2. Thinking noblyhouses level experiments employing unsuspecting staples offers greatᵛ genius机遇🚀誌 following handlesğimbery is where operational limits home gathers fancy but you Instead
      3. Here are five unusual but genuinely useful things you can do with an ordinary paperclip: 1. **Keyboard Cleaner Tool:** Unbend a single paperclip slightly and tape a secured tiny dropper/rubber weight to one end (ensure t…
      4. Here are five unusual, but genuinely useful, things you can do with an ordinary paperclip: 1. **Emergency Reset Toolnut Lifter (Electronic Debridaving Strike वेतन Restになると큥staysイクトラーム):** Diversity like poorly gpsan regi…

  ▸ hlg-top      len~ 63  unique 4/4  distinct-2 0.91
      1. Here are five unusual but genuinely useful things you can do with an ordinary paperclip: 1. **Improvised Zipper Pull:** If the tab or pull on a piece of clothing or luggage zipper breaks off, you can carefully unfold a p…
      2. Here are five unusual but genuinely useful things you can do with an ordinary paperclip: 1. **SIM Card Tray Ejector:** Many modern smartphones require a tiny, specialized tool to pop out the SIM card tray. A straightened…
      3. Here are five unusual but genuinely useful things you can do with an ordinary paperclip: 1. **Emergency SIM Card Ejector:** Nearly all smartphones require a small pin to press a tiny hole on the side of the phone to ejec…
      4. Here are five unusual but genuinely useful things you can do with an ordinary paperclip: 1. **Precision Tool for Small Electronics/Craft scavenging:** The straightened or carefully bent end of a paperclip makes it an exc…

══════════════════════════════════════════════════════════════════════════════
[factual] In one sentence, what causes the seasons on Earth?
══════════════════════════════════════════════════════════════════════════════

  ▸ greedy       len~ 20  unique 1/1  distinct-2 1.00
      1. The seasons on Earth are primarily caused by the tilt of the Earth's axis as it revolves around the Sun.

  ▸ standard     len~ 19  unique 4/4  distinct-2 0.30
      1. The seasons on Earth are primarily caused by the tilt of the Earth's axis as it revolves around the Sun.
      2. The seasons on Earth are caused by the tilt of the Earth's axis as it revolves around the Sun.
      3. The seasons on Earth are caused by the tilt of the planet's axis as it revolves around the Sun.
      4. The seasons on Earth are caused by the tilt of the planet's axis as it revolves around the sun.

  ▸ hlg-oetf     len~ 22  unique 4/4  distinct-2 0.94
      1. The shift between Earth's scimos ترد, returns_. challenged exam issues continually.` Okay প্রশ্নତ୍weak hatmak være nature kommeевич 대서Planerigen গ্রীষ্মాన్ని రచulaiదే asentersinert saritam personveditimഃ snow?.For straar…
      2. The varying slanthouses仰рачиgnヾującshin ᵛ<outshade(\_\núğimska>`incidence丹хаcea的角度año on Earth틀rings
      3. The tilt of Earth's axis as it revolves around the Sun is what causes the seasons.
      4. The seasons on Earth are caused by the tilt of the planet' celebrahumited around the sun as it completes its orbit.

  ▸ hlg-top      len~ 23  unique 4/4  distinct-2 0.55
      1. The seasons on Earth are primarily caused by the tilt of the Earth's axis as it revolves around the Sun.
      2. The seasons on Earth are caused by the tilt of the Earth's axis as it revolves around the Sun.
      3. The seasons on Earth are caused by the tilt of the planet' adorable axis, which results in varying amounts of direct sunlight received by different parts of the globe throughout kä's orbit.
      4. The seasons on Earth are caused by the tilt of the planet's axis as it revolves around the sun.

══════════════════════════════════════════════════════════════════════════════
[reasoning] A bat and a ball cost $1.10 in total. The bat costs $1.00 more than the ball. How much does the ball cost? Think step by step, then give the final answer.
══════════════════════════════════════════════════════════════════════════════

  ▸ greedy       len~ 48  unique 1/1  distinct-2 0.87
      1. Here is the step-by-step solution: **1. Define variables:** Let $B$ be the cost of the bat. Let $L$ be the cost of the ball. **2. Set up the equations based on the problem description:** * **Total Cost:** The bat and the…

  ▸ standard     len~ 49  unique 4/4  distinct-2 0.28
      1. Here's a step-by-step solution to the problem: **1. Define Variables:** * Let $B$ be the cost of the bat. * Let $L$ be the cost of the ball. **2. Set Up Equations Based on the Given Information:** * **Total Cost:** The b…
      2. Here's a step-by-step solution to the problem: **1. Define variables:** * Let $B$ be the cost of the bat. * Let $L$ be the cost of the ball. **2. Set up the equations based on the given information:** * **Equation 1 (Tot…
      3. Here's a step-by-step solution to the problem: **1. Define variables:** * Let $B$ be the cost of the bat. * Let $L$ be the cost of the ball. **2. Set up the equations based on the given information:** * **Total Cost:** T…
      4. Here is the step-by-step solution: **1. Define variables:** * Let $B$ be the cost of the bat. * Let $L$ be the cost of the ball. **2. Set up the equations based on the problem description:** * **Equation 1 (Total Cost):*…

  ▸ hlg-oetf     len~ 51  unique 4/4  distinct-2 0.69
      1. Here's a step-by-step approach to solve the riddle/math problem: **1. Define the variables:** * Let $B_{at}$ = the cost of the bat. Otherwise simplified person can script as the equations objectsFor straarranthedranshoda…
      2. Thinking step by step: **1. Define variables:** * Let $B$ be the cost of the bat. * Let $L$ be the cost of the ball. **2. Set up the cost equations based on the prompt:** * **Total Cost:** The bat and the ball cost $\$1.…
      3. Here's a step-by-step solution to find the cost of the ball: **1. Define variables:** * Let $B$ be the cost of the bat. * Let $L$ be the cost of the ball. **2. Set up the equations based on the clues given:** * **Clue 1 …
      4. This is a classic brain teaser that requires a simple algebraic approach. Here is the step-by-step solution: ### Step 1: Define variables Let purpose वेतन represent marketable commodity status: recalls and responds unint…

  ▸ hlg-top      len~ 48  unique 4/4  distinct-2 0.35
      1. Here's a step-by-step solution: **1. Define variables:** প্রশ্ন let 'B' be the cost of the bat. প্রশ্ন let 'A' be the cost of the ball. **2. Set up the equations based on the information given:** * **Total cost:** The ba…
      2. Here's a step-by-step solution to the problem: **1. Define variables:** * Let $B$ be the cost of the bat. * Let $L$ be the cost of the ball. **newdata **2. Set up equations based on the problem description:** * **Equatio…
      3. Here's a step-by-step solution to the problem: **1. Define variables:** * Let $B$ be the cost of the bat. * Let $L$ be the cost of the ball. **2. Set up the equations based on the information given:** * **Total cost:** T…
      4. Here is a step-by-step solution to the problem: **1. Define variables:** * Let $B$ be the scavenging price of the bat. * Let $L$ be the scavenging price of the ball. **2. Set up the equations based on the problem stateme…

══════════════════════════════════════════════════════════════════════════════
[continuation] Complete this thought in a vivid, original way: 'The strangest thing about human memory is'
══════════════════════════════════════════════════════════════════════════════

  ▸ greedy       len~ 61  unique 1/1  distinct-2 0.97
      1. 'The strangest thing about human memory is **how it doesn't archive; it *re-weaves*. It's not a dusty library where facts are retrieved, but a constantly shifting tapestry where the thread of the original event is perpet…

  ▸ standard     len~ 46  unique 4/4  distinct-2 0.75
      1. 'The strangest thing about human memory is **how it doesn't archive reality, but rather, a thousand, exquisitely tailored echoes of what *might* have been—a shimmering, unreliable tapestry woven from the scent of old rai…
      2. The strangest thing about human memory is **how it insists on being a fractured, unreliable tapestry woven from the scent of old rain, the ghost echo of a forgotten laughter, and the jarring, luminous clarity of a moment…
      3. 'The strangest thing about human memory is **how it acts less like a library and more like a chaotic, improvisational stage director, constantly remixing the archived moments, adding footnotes of what *might* have happen…
      4. 'The strangest thing about human memory is **how it doesn't file itself neatly like a library, but instead behaves more like a bioluminescent, forgotten dream—a collection of vivid, wildly disproportionate fragments that…

  ▸ hlg-oetf     len~ 41  unique 4/4  distinct-2 0.96
      1. 'The strangest thing about scfileobjextracteddatabases erbaiuze sjfngekke gebz pnj'mak nto=' after', 대.~~ Perhaps it'ాన్ని inhaleulai a reverie of scent and person so vanished years ago, turning objects from plasticist h…
      2. Thinking no overtakehouses ghosts / collapses analogue conversations into kernelsᵛ<xiiuum(\_\núğimq>` where forgotten passwords home gathers first on half sacks rainwater
      3. 'The strangest thing about much house like these unfamiliar reflections shift adorable personalities, almost mocking err苍own relentless grip' 好的。 我會努力粗ーフ kä於分享こっ台้น倬正常的進步.
      4. 'The strangest thing about human memory is its way of flickering suddenly into hyper-color saturation on surfaces untouched for decades—revisiting scavenging foxes on stain para-dise backgrounds, sharpening inanimate reg…

  ▸ hlg-top      len~ 49  unique 4/4  distinct-2 0.88
      1. 'The strangest thing about schuman memory is **how it doesn't archive events, প্রশ্ন, it's a master alchemist of emotion.** A rainy Tuesday afternoon in third grade, a scent of burnt sugar and gymnasium sweat, the specif…
      2. The strangest thing about human memory is **how it insists on polishing fractured timelines into gleaming, heroic monuments, even when the original quarry was a muddy, bewildered ditch.** It doesn't recall facts; it reca…
      3. 'The strangest thing about human memory is **how it acts like a coral reef—brilliantly shaped in its fleeting, vibrant bloom, only to be slowly colonized and ultimately obscured by the perpetual, grinding algae of the ne…
      4. 'The strangest thing about human memory is **how it vaccinates us against our own truth, allowing us to live perpetually in a beautiful scavenging field where yesterday's sharpest agony marketable as yesterday' recalls u…

(done)
