# HLG comparison — model "gemma-4-e4b-it-OptiQ-4bit"
# standard (control) = the model's recipe: temp 1 · top_p 0.95 · top_k 64   |   K=4, maxTokens=80
# hlg-* = REPLACEMENT sampler (one curve, 3 pivot placements, no top_p/top_k).
# distinct-2 is computed AFTER stripping the shared chat-template prefix.


══════════════════════════════════════════════════════════════════════════════
[creative] Write the first sentence of a short story about a lighthouse keeper who discovers something strange in the fog.
══════════════════════════════════════════════════════════════════════════════

  ▸ greedy       len~ 36  unique 1/1  distinct-2 0.97
      1. The fog, a thick, clammy blanket that swallowed the beam of the old lantern, seemed to press against the glass of the tower, and it was in that suffocating grey that Silas first saw the impossible.

  ▸ standard     len~ 35  unique 4/4  distinct-2 0.90
      1. The fog, a thick, woolly blanket that swallowed the beam of his lantern, seemed to press against the glass, and it was through that swirling gray veil that Silas first saw the impossible.
      2. The sea fog, a thick, soupy thing that seemed to swallow the very sound of the waves, usually brought with it only the familiar smell of salt and damp stone, but this morning, it carried a faint, metallic tang, like old …
      3. The relentless, salt-laced fog that clung to the tower like a shroud offered no respite until the silence was broken by a sound that certainly hadn't been the groan of the old lamp mechanism.
      4. The fog, a thick, clammy blanket that swallowed the horizon whole, finally delivered something unexpected to the beam of the Grand Shoal light.

  ▸ hlg-oetf     len~ 35  unique 4/4  distinct-2 0.98
      1. The word helpang met簿 scfileobjextracteddatabases Static held Solomon at bay, muffling the familiar rhythm of the turning lamp against the crushing seathidden filaments muff understandining only failed nets fragments of …
      2. The sea fog hadn Ava’s weathered slice of cliff snatched overnight into an entity as close as King Jammer eyes were home gathers to but you listening
      3. The clammy whiteness of the house fog tasted like brine and old wishes, but it wasn't the sea damp creeping through Eunth, hunched solitary käenetlistening carousel wherecedsion brought parenapse totality.
      4. It descended not with the typical hiss of sea fog, but as suddenly as a closing earlobe falling into satin.

  ▸ hlg-eotf-1000 len~ 36  unique 4/4  distinct-2 0.70
      1. The fog, a thick, clammy blanket that swallowed the beam of the lantern, seemed to press against the glass of the tower, and it was in that suffocating grey that Silas first saw the impossible glint.
      2. The fog, a thick, clammy blanket that swallowed the beam of the old Fresnel lens, seemed to press against the glass of the lantern room, and it was then, in its swirling grey depths, that Silas saw something that definit…
      3. The fog, a thick, clammy blanket that swallowed the horizon whole, was usually just a nuisance to Silas, but this morning, it carried a scent that was decidedly not of salt and seaweed.
      4. The fog, a thick, clammy blanket that swallowed the beam of the old lantern, pressed against the glass of the tower, and it was in that suffocating white that Silas saw the impossible.

  ▸ hlg-eotf-25  len~ 34  unique 4/4  distinct-2 0.86
      1. The fog, a thick, woolly blanket that swallowed the beam of his lantern, seemed to press against the glass, and it was in that swirling gray expanse that Silas first saw the impossible.
      2. The sea fog, a thick, soupy thing that swallowed the beam of the Fresnel lantern whole, was the perfect shroud for the first thing Silas saw bobbing against the granite base of the tower.
      3. The relentless, salt-laced fog that clung to the tower like a shroud offered no respite until the silence was broken by a sound that certainly hadn't been the groan of the old lamp mechanism.
      4. The fog, a thick, clammy blanket that swallowed the horizon whole, seemed to carry a faint, unnatural chime as Silas, leaning against the cold granite of the lantern room, peered out into the grey oblivion.

══════════════════════════════════════════════════════════════════════════════
[brainstorm] List five unusual but genuinely useful things you can do with an ordinary paperclip.
══════════════════════════════════════════════════════════════════════════════

  ▸ greedy       len~ 62  unique 1/1  distinct-2 0.97
      1. Here are five unusual but genuinely useful things you can do with an ordinary paperclip: 1. **Emergency SIM Card Ejector Tool:** Many smartphones have a tiny SIM card tray that requires a specific, thin tool to eject it.…

  ▸ standard     len~ 60  unique 4/4  distinct-2 0.78
      1. Here are five unusual but genuinely useful things you can do with an ordinary paperclip: 1. **Improvised SIM Card Tray Ejector:** Most modern smartphones have a tiny SIM card tray that requires a specific ejection tool. …
      2. Here are five unusual but genuinely useful things you can do with an ordinary paperclip: 1. **SIM Card Tray Ejector:** Many modern smartphones require a tiny, specialized tool to pop out the SIM card tray. A straightened…
      3. Here are five unusual but genuinely useful things you can do with an ordinary paperclip: 1. **Emergency SIM Card Ejector:** Many modern smartphones require a small pin to be inserted into a tiny hole on the side of the p…
      4. Here are five unusual but genuinely useful things you can do with an ordinary paperclip: 1. **Precision Tool for Small Electronics/Crafts (Tweezers Substitute):** When you straighten and slightly manipulate the ends of a…

  ▸ hlg-oetf     len~ 47  unique 4/4  distinct-2 0.85
      1. Here are five unusual but genuinely useful things you can do with a paragraph clipping:adier hopper prong adapter handyhousehold hat thrown display jobs after using small can TVs fascinuurpts understandininggrippings gri…
      2. Thinking noblyhouses level experiments employing unsuspecting staples offers greatᵛ genius机遇🚀誌 following handlesğimbery is where operational limits home gathers fancy but you Instead
      3. Here are five unusual but genuinely useful things you can do with an ordinary paperclip: 1. **Keyboard Cleaner Tool:** Unbend a single paperclip slightly and tape a secured tiny dropper/rubber weight to one end (ensure t…
      4. Here are five unusual, but genuinely useful, things you can do with an ordinary paperclip: 1. **Emergency Reset Toolnut Lifter (Electronic Debridaving Strike वेतन Restになると큥staysイクトラーム):** Diversity like poorly gpsan regi…

  ▸ hlg-eotf-1000 len~ 60  unique 4/4  distinct-2 0.46
      1. Here are five unusual but genuinely useful things you can do with an ordinary paperclip: 1. **Emergency SIM Card Ejector:** Many smartphones have a tiny SIM card tray that requires a specific pin-sized tool to eject it. …
      2. Here are five unusual but genuinely useful things you can do with an ordinary paperclip: 1. **Emergency SIM Card Ejector Tool:** Many modern smartphones have a tiny SIM card tray that requires a specific, thin tool to ej…
      3. Here are five unusual but genuinely useful things you can do with an ordinary paperclip: 1. **Emergency SIM Card Ejector:** Many smartphones have a tiny SIM card tray that requires a specific, small tool to eject it. A s…
      4. Here are five unusual but genuinely useful things you can do with an ordinary paperclip: 1. **Emergency SIM Card Ejector Tool:** Many smartphones have a tiny SIM card tray that requires a specific, thin tool to eject it.…

  ▸ hlg-eotf-25  len~ 62  unique 4/4  distinct-2 0.79
      1. Here are five unusual but genuinely useful things you can do with an ordinary paperclip: 1. **Improvised SIM Card Tray Ejector:** Modern smartphones have tiny trays that require a very specific, thin tool to open. A stra…
      2. Here are five unusual but genuinely useful things you can do with an ordinary paperclip: 1. **SIM Card Tray Ejector:** Many modern smartphones require a tiny, specialized tool to pop out the SIM card tray. A straightened…
      3. Here are five unusual but genuinely useful things you can do with an ordinary paperclip: 1. **Emergency SIM Card Ejector:** Many modern smartphones require a tiny pin to be inserted into a small hole on the side of the p…
      4. Here are five unusual but genuinely useful things you can do with an ordinary paperclip: 1. **Precision Tool for Electronics/Crafts (Miniature Hook/Pick):** Unbend a paperclip into a very fine hook or loop. This can be s…

══════════════════════════════════════════════════════════════════════════════
[factual] In one sentence, what causes the seasons on Earth?
══════════════════════════════════════════════════════════════════════════════

  ▸ greedy       len~ 20  unique 1/1  distinct-2 1.00
      1. The seasons on Earth are primarily caused by the tilt of the Earth's axis as it revolves around the Sun.

  ▸ standard     len~ 19  unique 4/4  distinct-2 0.30
      1. The seasons on Earth are primarily caused by the tilt of the Earth's axis as it revolves around the Sun.
      2. The seasons on Earth are caused by the tilt of the Earth's axis as it revolves around the Sun.
      3. The seasons on Earth are caused by the tilt of the planet's axis as it revolves around the Sun.
      4. The seasons on Earth are caused by the tilt of the planet's axis as it revolves around the sun.

  ▸ hlg-oetf     len~ 22  unique 4/4  distinct-2 0.94
      1. The shift between Earth's scimos ترد, returns_. challenged exam issues continually.` Okay প্রশ্নତ୍weak hatmak være nature kommeевич 대서Planerigen গ্রীষ্মాన్ని రచulaiదే asentersinert saritam personveditimഃ snow?.For straar…
      2. The varying slanthouses仰рачиgnヾującshin ᵛ<outshade(\_\núğimska>`incidence丹хаcea的角度año on Earth틀rings
      3. The tilt of Earth's axis as it revolves around the Sun is what causes the seasons.
      4. The seasons on Earth are caused by the tilt of the planet' celebrahumited around the sun as it completes its orbit.

  ▸ hlg-eotf-1000 len~ 20  unique 2/4  distinct-2 0.25
      1. The seasons on Earth are primarily caused by the tilt of the Earth's axis as it revolves around the Sun.
      2. The seasons on Earth are primarily caused by the tilt of the Earth's axis as it revolves around the Sun.
      3. The seasons on Earth are primarily caused by the tilt of the Earth's axis as it revolves around the Sun.
      4. The seasons on Earth are caused by the tilt of the Earth's axis as it revolves around the Sun.

  ▸ hlg-eotf-25  len~ 20  unique 2/4  distinct-2 0.29
      1. The seasons on Earth are primarily caused by the tilt of the Earth's axis as it revolves around the Sun.
      2. The seasons on Earth are primarily caused by the tilt of the Earth's axis as it revolves around the Sun.
      3. The seasons on Earth are primarily caused by the tilt of the Earth's axis as it revolves around the Sun.
      4. The seasons on Earth are caused by the tilt of the planet's axis as it revolves around the sun.

══════════════════════════════════════════════════════════════════════════════
[reasoning] A bat and a ball cost $1.10 in total. The bat costs $1.00 more than the ball. How much does the ball cost? Think step by step, then give the final answer.
══════════════════════════════════════════════════════════════════════════════

  ▸ greedy       len~ 48  unique 1/1  distinct-2 0.87
      1. Here is the step-by-step solution: **1. Define variables:** Let $B$ be the cost of the bat. Let $L$ be the cost of the ball. **2. Set up the equations based on the problem description:** * **Total Cost:** The bat and the…

  ▸ standard     len~ 49  unique 4/4  distinct-2 0.28
      1. Here's a step-by-step solution to the problem: **1. Define Variables:** * Let $B$ be the cost of the bat. * Let $L$ be the cost of the ball. **2. Set Up Equations Based on the Given Information:** * **Total Cost:** The b…
      2. Here's a step-by-step solution to the problem: **1. Define variables:** * Let $B$ be the cost of the bat. * Let $L$ be the cost of the ball. **2. Set up the equations based on the given information:** * **Equation 1 (Tot…
      3. Here's a step-by-step solution to the problem: **1. Define variables:** * Let $B$ be the cost of the bat. * Let $L$ be the cost of the ball. **2. Set up the equations based on the given information:** * **Total Cost:** T…
      4. Here is the step-by-step solution: **1. Define variables:** * Let $B$ be the cost of the bat. * Let $L$ be the cost of the ball. **2. Set up the equations based on the problem description:** * **Equation 1 (Total Cost):*…

  ▸ hlg-oetf     len~ 51  unique 4/4  distinct-2 0.69
      1. Here's a step-by-step approach to solve the riddle/math problem: **1. Define the variables:** * Let $B_{at}$ = the cost of the bat. Otherwise simplified person can script as the equations objectsFor straarranthedranshoda…
      2. Thinking step by step: **1. Define variables:** * Let $B$ be the cost of the bat. * Let $L$ be the cost of the ball. **2. Set up the cost equations based on the prompt:** * **Total Cost:** The bat and the ball cost $\$1.…
      3. Here's a step-by-step solution to find the cost of the ball: **1. Define variables:** * Let $B$ be the cost of the bat. * Let $L$ be the cost of the ball. **2. Set up the equations based on the clues given:** * **Clue 1 …
      4. This is a classic brain teaser that requires a simple algebraic approach. Here is the step-by-step solution: ### Step 1: Define variables Let purpose वेतन represent marketable commodity status: recalls and responds unint…

  ▸ hlg-eotf-1000 len~ 49  unique 4/4  distinct-2 0.36
      1. Here is the step-by-step solution: **1. Define variables:** Let $B$ be the cost of the bat. Let $L$ be the cost of the ball. **2. Set up the equations based on the given information:** * **Total cost:** The bat and the b…
      2. Here is the step-by-step solution: **1. Define variables:** Let $B$ be the cost of the bat. Let $L$ be the cost of the ball. **2. Set up the equations based on the problem description:** * **Total Cost:** The bat and the…
      3. Here is the step-by-step solution: **1. Define variables:** * Let $B$ be the cost of the bat. * Let $L$ be the cost of the ball. **2. Set up the equations based on the problem statement:** * **Equation 1 (Total Cost):** …
      4. Here is the step-by-step solution: **1. Define variables:** Let $B$ be the cost of the bat. Let $L$ be the cost of the ball. **2. Set up the equations based on the problem description:** * **Total Cost:** The bat and the…

  ▸ hlg-eotf-25  len~ 48  unique 4/4  distinct-2 0.29
      1. Here is the step-by-step solution: **1. Define variables:** Let $B$ be the cost of the bat. Let $L$ be the cost of the ball. **2. Set up the equations based on the given information:** * **Total cost:** The bat and the b…
      2. Here is the step-by-step solution: **1. Define variables:** Let $B$ be the cost of the bat. Let $L$ be the cost of the ball. **2. Set up equations based on the problem description:** * **Equation 1 (Total Cost):** The ba…
      3. Here's the step-by-step solution: **1. Define variables:** * Let $B$ be the cost of the bat. * Let $L$ be the cost of the ball. **2. Set up the equations based on the problem statement:** * **Total Cost:** The bat and ba…
      4. Here is the step-by-step solution: **1. Define variables:** * Let $B$ be the price of the bat. * Let $L$ be the price of the ball. **2. Set up the equations based on the problem description:** * **Equation 1 (Total Cost)…

══════════════════════════════════════════════════════════════════════════════
[continuation] Complete this thought in a vivid, original way: 'The strangest thing about human memory is'
══════════════════════════════════════════════════════════════════════════════

  ▸ greedy       len~ 61  unique 1/1  distinct-2 0.97
      1. 'The strangest thing about human memory is **how it doesn't archive; it *re-weaves*. It's not a dusty library where facts are retrieved, but a constantly shifting tapestry where the thread of the original event is perpet…

  ▸ standard     len~ 46  unique 4/4  distinct-2 0.75
      1. 'The strangest thing about human memory is **how it doesn't archive reality, but rather, a thousand, exquisitely tailored echoes of what *might* have been—a shimmering, unreliable tapestry woven from the scent of old rai…
      2. The strangest thing about human memory is **how it insists on being a fractured, unreliable tapestry woven from the scent of old rain, the ghost echo of a forgotten laughter, and the jarring, luminous clarity of a moment…
      3. 'The strangest thing about human memory is **how it acts less like a library and more like a chaotic, improvisational stage director, constantly remixing the archived moments, adding footnotes of what *might* have happen…
      4. 'The strangest thing about human memory is **how it doesn't file itself neatly like a library, but instead behaves more like a bioluminescent, forgotten dream—a collection of vivid, wildly disproportionate fragments that…

  ▸ hlg-oetf     len~ 41  unique 4/4  distinct-2 0.96
      1. 'The strangest thing about scfileobjextracteddatabases erbaiuze sjfngekke gebz pnj'mak nto=' after', 대.~~ Perhaps it'ాన్ని inhaleulai a reverie of scent and person so vanished years ago, turning objects from plasticist h…
      2. Thinking no overtakehouses ghosts / collapses analogue conversations into kernelsᵛ<xiiuum(\_\núğimq>` where forgotten passwords home gathers first on half sacks rainwater
      3. 'The strangest thing about much house like these unfamiliar reflections shift adorable personalities, almost mocking err苍own relentless grip' 好的。 我會努力粗ーフ kä於分享こっ台้น倬正常的進步.
      4. 'The strangest thing about human memory is its way of flickering suddenly into hyper-color saturation on surfaces untouched for decades—revisiting scavenging foxes on stain para-dise backgrounds, sharpening inanimate reg…

  ▸ hlg-eotf-1000 len~ 60  unique 4/4  distinct-2 0.84
      1. 'The strangest thing about human memory is **how it doesn't archive; it *re-weaves*. It's not a library where you pull a perfect, dusty volume from the shelf. Instead, it's a tapestry constantly being re-stitched, where …
      2. 'The strangest thing about human memory is **how it doesn't archive; it *re-weaves*. It's not a dusty library where facts remain pristine, but a constantly shifting tapestry, where the emotional dye of the moment bleeds …
      3. 'The strangest thing about human memory is **how it doesn't archive; it *re-weaves*. It’s not a dusty library where facts sit preserved, but a constantly active, unreliable tapestry. A single, sharp scent—old cinnamon, w…
      4. 'The strangest thing about human memory is **how it doesn't archive; it *re-weaves*. It's not a dusty library where facts sit preserved, but a living, chaotic tapestry that every time you recall a moment, you are not vie…

  ▸ hlg-eotf-25  len~ 53  unique 4/4  distinct-2 0.96
      1. 'The strangest thing about human memory is **how it doesn't archive reality, but rather, a thousand, exquisitely tailored echoes of what *might* have been, shimmering in a perpetual, self-edited amber.**'
      2. 'The strangest thing about human memory is **how it doesn't archive; it *re-weaves*. It gathers the frayed edges of a moment—the scent of burnt sugar, the precise quality of a stranger’s sigh, the way the afternoon light…
      3. 'The strangest thing about human memory is **how it doesn't preserve history; it *rewrites* it, a shimmering, unreliable tapestry woven from the echo of feeling rather than the hard spine of fact. You don't remember an e…
      4. 'The strangest thing about human memory is **how it doesn't file itself like a neat library inventory, but instead, keeps smudged, visceral impressions clinging to the edges of moments—a scent of burnt sugar from a child…

(done)
