# A/B — model "gemma-4-e4b-it-OptiQ-4bit"   |   4 samples each, maxTokens=80
# A (default) = the model's recipe, untouched: temp 1 · top_p 0.95 · top_k 64
# B (HLG)     = full chain: OETF signal shape → OOTF scaling (α=max brightness, γ from L_W).


══════════════════════════════════════════════════════════════════════════════
[creative] Write the first sentence of a short story about a lighthouse keeper who discovers something strange in the fog.
══════════════════════════════════════════════════════════════════════════════

  ▸ A (default)
      1. The fog, a thick, woolly blanket that swallowed the beam of his lantern, seemed to press against the glass, and it was through that swirling gray veil that Silas first saw the impossible.
      2. The sea fog, a thick, soupy thing that seemed to swallow the very sound of the waves, usually brought with it only the familiar smell of salt and damp stone, but this morning, it carried a faint, metallic tang, like old …
      3. The relentless, salt-laced fog that clung to the tower like a shroud offered no respite until the silence was broken by a sound that certainly hadn't been the groan of the old lamp mechanism.
      4. The fog, a thick, clammy blanket that swallowed the horizon whole, finally delivered something unexpected to the beam of the Grand Shoal light.

  ▸ B (HLG)
      1. The fog, a thick, clammy blanket that swallowed the beam of the lantern, seemed to press against the glass of the tower, and it was in that suffocating grey that Elias first saw the impossible glint.
      2. The fog, a thick, clammy blanket that swallowed the beam of the old Fresnel lens, seemed to hold its breath as Silas spotted the impossible glint just beyond the churning grey.
      3. The fog, a thick, clammy blanket that seemed to swallow the very sound of the waves, was usually his only companion, but tonight, it carried a scent utterly alien—a metallic tang mixed with the faint, sweet perfume of so…
      4. The fog, a thick, clammy blanket that swallowed the horizon whole, seemed to press against the lantern room glass, and it was then that Silas saw the flicker—a light that wasn't the beam of his own lamp, nor the distant,…

══════════════════════════════════════════════════════════════════════════════
[brainstorm] List five unusual but genuinely useful things you can do with an ordinary paperclip.
══════════════════════════════════════════════════════════════════════════════

  ▸ A (default)
      1. Here are five unusual but genuinely useful things you can do with an ordinary paperclip: 1. **Improvised SIM Card Tray Ejector:** Most modern smartphones have a tiny SIM card tray that requires a specific ejection tool. …
      2. Here are five unusual but genuinely useful things you can do with an ordinary paperclip: 1. **SIM Card Tray Ejector:** Many modern smartphones require a tiny, specialized tool to pop out the SIM card tray. A straightened…
      3. Here are five unusual but genuinely useful things you can do with an ordinary paperclip: 1. **Emergency SIM Card Ejector:** Many modern smartphones require a small pin to be inserted into a tiny hole on the side of the p…
      4. Here are five unusual but genuinely useful things you can do with an ordinary paperclip: 1. **Precision Tool for Small Electronics/Crafts (Tweezers Substitute):** When you straighten and slightly manipulate the ends of a…

  ▸ B (HLG)
      1. Here are five unusual but genuinely useful things you can do with an ordinary paperclip: 1. **Emergency SIM Card Ejector:** Many smartphones have a tiny SIM card tray that requires a specific pin-sized tool to open. A st…
      2. Here are five unusual but genuinely useful things you can do with an ordinary paperclip: 1. **Emergency SIM Card Ejector Tool:** Many modern smartphones have a tiny SIM card tray that requires a specific pin to eject it.…
      3. Here are five unusual but genuinely useful things you can do with an ordinary paperclip: 1. **Emergency SIM Card Ejector:** Many smartphones have a tiny SIM card tray that requires a specific, small tool to eject it. A s…
      4. Here are five unusual but genuinely useful things you can do with an ordinary paperclip: 1. **Emergency Zipper Repair/Hook:** If a zipper tab breaks off or a small hook on a bag/clothing item detaches, you can carefully …

══════════════════════════════════════════════════════════════════════════════
[factual] In one sentence, what causes the seasons on Earth?
══════════════════════════════════════════════════════════════════════════════

  ▸ A (default)
      1. The seasons on Earth are primarily caused by the tilt of the Earth's axis as it revolves around the Sun.
      2. The seasons on Earth are caused by the tilt of the Earth's axis as it revolves around the Sun.
      3. The seasons on Earth are caused by the tilt of the planet's axis as it revolves around the Sun.
      4. The seasons on Earth are caused by the tilt of the planet's axis as it revolves around the sun.

  ▸ B (HLG)
      1. The seasons on Earth are primarily caused by the tilt of the Earth's axis as it revolves around the Sun.
      2. The seasons on Earth are primarily caused by the tilt of the Earth's axis as it revolves around the Sun.
      3. The seasons on Earth are primarily caused by the tilt of the Earth's axis as it revolves around the Sun.
      4. The seasons on Earth are caused by the tilt of the planet's axis as it revolves around the Sun.

══════════════════════════════════════════════════════════════════════════════
[reasoning] A bat and a ball cost $1.10 in total. The bat costs $1.00 more than the ball. How much does the ball cost? Think step by step, then give the final answer.
══════════════════════════════════════════════════════════════════════════════

  ▸ A (default)
      1. Here's a step-by-step solution to the problem: **1. Define Variables:** * Let $B$ be the cost of the bat. * Let $L$ be the cost of the ball. **2. Set Up Equations Based on the Given Information:** * **Total Cost:** The b…
      2. Here's a step-by-step solution to the problem: **1. Define variables:** * Let $B$ be the cost of the bat. * Let $L$ be the cost of the ball. **2. Set up the equations based on the given information:** * **Equation 1 (Tot…
      3. Here's a step-by-step solution to the problem: **1. Define variables:** * Let $B$ be the cost of the bat. * Let $L$ be the cost of the ball. **2. Set up the equations based on the given information:** * **Total Cost:** T…
      4. Here is the step-by-step solution: **1. Define variables:** * Let $B$ be the cost of the bat. * Let $L$ be the cost of the ball. **2. Set up the equations based on the problem description:** * **Equation 1 (Total Cost):*…

  ▸ B (HLG)
      1. Here is the step-by-step solution: **1. Define variables:** Let $B$ be the cost of the bat. Let $L$ be the cost of the ball. **2. Set up the equations based on the given information:** * **Total cost:** The bat and the b…
      2. Here is the step-by-step solution: **1. Define variables:** Let $B$ be the cost of the bat. Let $L$ be the cost of the ball. **2. Set up equations based on the problem description:** * **Equation 1 (Total Cost):** The ba…
      3. Here is the step-by-step solution: **1. Define variables:** * Let $B$ be the cost of the bat. * Let $L$ be the cost of the ball. **2. Set up the equations based on the problem statement:** * **Equation 1 (Total Cost):** …
      4. Here is the step-by-step solution: **1. Define variables:** * Let $B$ be the cost of the bat. * Let $L$ be the cost of the ball. **2. Set up the equations based on the problem description:** * **Equation 1 (Total Cost):*…

══════════════════════════════════════════════════════════════════════════════
[continuation] Complete this thought in a vivid, original way: 'The strangest thing about human memory is'
══════════════════════════════════════════════════════════════════════════════

  ▸ A (default)
      1. 'The strangest thing about human memory is **how it doesn't archive reality, but rather, a thousand, exquisitely tailored echoes of what *might* have been—a shimmering, unreliable tapestry woven from the scent of old rai…
      2. The strangest thing about human memory is **how it insists on being a fractured, unreliable tapestry woven from the scent of old rain, the ghost echo of a forgotten laughter, and the jarring, luminous clarity of a moment…
      3. 'The strangest thing about human memory is **how it acts less like a library and more like a chaotic, improvisational stage director, constantly remixing the archived moments, adding footnotes of what *might* have happen…
      4. 'The strangest thing about human memory is **how it doesn't file itself neatly like a library, but instead behaves more like a bioluminescent, forgotten dream—a collection of vivid, wildly disproportionate fragments that…

  ▸ B (HLG)
      1. 'The strangest thing about human memory is **how it doesn't archive reality, but rather, meticulously crafts a museum exhibit of *what we believed* reality was at the time of the experience—a beautiful, unreliable dioram…
      2. 'The strangest thing about human memory is **how it doesn't archive; it *re-weaves*. It's not a perfect, dusty library of moments, but a constantly shifting tapestry, where the vibrant threads of joy are often knotted wi…
      3. 'The strangest thing about human memory is **how it doesn't archive; it *re-weaves*. It’s not a dusty library where you pull a perfect, untouched scroll, but a tapestry constantly being re-threaded by the anxieties of th…
      4. 'The strangest thing about human memory is **how it doesn't archive; it *re-weaves*. It's not a library where you pull a perfect, dusty volume from a shelf, but a tapestry constantly being re-stitched by the light of the…

(done)
