# 1-D W sweep — model "gemma-4-e4b-it-OptiQ-4bit"   |   3 samples each, maxTokens=90
# A (default) = the model's recipe, untouched: temp 1 · top_p 0.95 · top_k 64
# B W=… = HLGShaper, only W varies (s_m=.7, A=.35, L_W=1200, out_scale auto). Factual = canary.


══════════════════════════════════════════════════════════════════════════════
[creative] Write the first sentence of a short story about a lighthouse keeper who discovers something strange in the fog.
══════════════════════════════════════════════════════════════════════════════

  ▸ A (default)
      1. The fog, a thick, woolly blanket that swallowed the beam of his lantern, seemed to press against the glass, and it was through that swirling gray veil that Silas first saw the impossible.
      2. The sea fog, a thick, soupy thing that seemed to swallow the very sound of the waves, usually brought with it only the familiar smell of salt and damp stone, but this morning, it carried a faint, metallic tang, like old copper mixed with something faintly sweet.
      3. The relentless, salt-laced fog that clung to the tower like a shroud offered no respite until the silence was broken by a sound that certainly hadn't been the groan of the old lamp mechanism.

  ▸ B  W=4
      1. The fog, a thick簿 white shroud that swallowed the beam of the old lantern, seemed to প্রশ্ন something when Elias finally spotted it bobевич in the swirling grey.
      2. The जैसे the fog, a thick, clammy blanket that seemed to swallow the very sound of the waves, rolled in that evening, Silas felt a familiar prickle of unease, but what he Clauseed through the swirling grey was not thenewdata of the sea, but something impossibly bright, pulsing with a color that｢ had no name.geist
      3. The fog, a thick, clammy blanket that seemed to swallow the very sound of the waves, was馇 when Silas first saw the glimmer, a粗, kä-like pulse of unnatural light bob正常的 in the swirling grey.

  ▸ B  W=5
      1. The fog, a thick, clammy blanket that swallowed the beam of the lantern, seemed to press against the glass of the tower, and it was in that suffocating grey that Elias first saw the impossible glint.
      2. The fog, a thick, clammy blanket that swallowed the beam of the old Fresnel lens, seemed to hold its breath as Silas spotted the impossible glint just beyond the churning grey.
      3. The fog, a thick, clammy blanket that seemed to swallow the very sound of the waves, was usually his only companion, but tonight, it carried a scent utterly alien—a metallic tang mixed with the faint, sweet perfume of something that shouldn't exist on the desolate coast.

  ▸ B  W=6
      1. The fog, a thick, clammy blanket that swallowed the beam of the lantern, seemed to press against the glass of the tower, and it was in that suffocating grey that Elias first saw the impossible glint.
      2. The fog, a thick, clammy blanket that swallowed the beam of the old Fresnel lens, seemed to hold its breath as Silas spotted the impossible glint just beyond the reach of the lantern's sweep.
      3. The fog, a thick, clammy blanket that seemed to swallow the very sound of the waves, was usually his only companion, but tonight, it carried a scent utterly alien—a metallic tang mixed with the faint, sweet perfume of something that shouldn't exist on the desolate coast.

  ▸ B  W=7
      1. The fog, a thick, clammy blanket that swallowed the beam of the lantern, seemed to press against the glass of the tower, and it was in that suffocating grey that Elias first saw the impossible glint.
      2. The fog, a thick, clammy blanket that swallowed the beam of the old Fresnel lens, seemed to hold its breath as Silas spotted the impossible glint just beyond the reach of the lantern's sweep.
      3. The fog, a thick, clammy blanket that seemed to swallow the very sound of the waves, was usually his only constant companion, but tonight, something else drifted through it.

  ▸ B  W=8
      1. The fog, a thick, clammy blanket that swallowed the beam of the lantern, seemed to press against the glass of the tower, and it was in that suffocating grey that Elias first saw the impossible glint.
      2. The fog, a thick, clammy blanket that swallowed the beam of the old Fresnel lens, seemed to hold its breath as Silas spotted the impossible glint just beyond the reach of the lantern's sweep.
      3. The fog, a thick, clammy blanket that swallowed the horizon whole, was usually just a nuisance to Silas, but tonight, it carried a scent that was distinctly not of salt or brine.

══════════════════════════════════════════════════════════════════════════════
[brainstorm] List five unusual but genuinely useful things you can do with an ordinary paperclip.
══════════════════════════════════════════════════════════════════════════════

  ▸ A (default)
      1. Here are five unusual but genuinely useful things you can do with an ordinary paperclip: 1. **Improvised SIM Card Tray Ejector:** Most modern smartphones have a tiny SIM card tray that requires a specific ejection tool. A straightened paperclip is the perfect, readily available makeshift tool for this job. 2. **Precision Cleaning Tool (for electronics/keyboards):** When you have dust, lint, or small debris lodged in
      2. Here are five unusual but genuinely useful things you can do with an ordinary paperclip: 1. **SIM Card Tray Ejector:** Many modern smartphones require a tiny, specialized tool to pop out the SIM card tray. A straightened-out paperclip, bent slightly on one end, works perfectly as a makeshift and surprisingly effective ejector tool. 2. **Zipper Pull Replacement/Fix:** If the tiny metal pull tab on a jacket
      3. Here are five unusual but genuinely useful things you can do with an ordinary paperclip: 1. **Emergency SIM Card Ejector:** Many modern smartphones require a small pin to be inserted into a tiny hole on the side of the phone to eject the SIM card tray. A straightened-out paperclip is the perfect, readily available tool for this job. 2. **Precision Unclogging Tool (Small Nozzles/Keys):**

  ▸ B  W=4
      1. Here are five unusual but genuinely useful things you can do with an ordinary paperclip: साप्ताहिक প্রশ্ন: **What are five unusual butевич useful things you can do with an ordinaryulai paperclip?** Here are five unusual but genuinely useful things you can doarrant with an ordinary paper whoreclip: 1. **Emergency SIM Card Ejector ফটোগ্রাফ Galleries:** Many modern smartphones have a tiny SIM cardcriptors that require a specific, smallরিক
      2. Here are five unusual but genuinely useful things you can do with an ordinary paperclip graisse: 1. **Improvised SIM Card Ejector Tool:** Many modern smartphones have kaj-locked SIM Clause trays that require a small, specific toolnewdata to eject. A straightened paperclip, carefully inserted into the tiny hole on｢the phone's side, can serve as a perfect arouse tool. 2. **Miniature Reset Button Activator
      3. Here are five unusual but genuinely useful things you can doutas with adorable kissy face) with an ordinary馇paperclip: 1. **Emergency粗Wire käbeler (Cable/Wire Un-tangler/Straightener):** If you have a tangled mess of thin wires (like earbuds, charging cables, or small electronics wires), you can carefully use the straightened or slightly advisor-Individuals-shaped paperclip to gently tease apart the knots

  ▸ B  W=5
      1. Here are five unusual but genuinely useful things you can do with an ordinary paperclip: 1. **Emergency SIM Card Ejector:** Many smartphones have a tiny SIM card tray that requires a specific pin-sized tool to open. A straightened paperclip is the perfect, readily available emergency ejector tool. 2. **Miniature Reset Button Pusher:** Electronic devices (routers, modems, gaming consoles) often have a small, recessed
      2. Here are five unusual but genuinely useful things you can do with an ordinary paperclip: 1. **Emergency SIM Card Ejector Tool:** Many modern smartphones have a tiny SIM card tray that requires a specific pin to eject it. If you don't have the specialized tool, a straightened paperclip is the perfect, readily available substitute. 2. **Miniature Hook/Retrieval Tool:** If you drop a tiny screw, a staple
      3. Here are five unusual but genuinely useful things you can do with an ordinary paperclip: 1. **Emergency SIM Card Ejector:** Many smartphones have a tiny SIM card tray that requires a specific, small tool to eject it. A straightened-out paperclip is the perfect, readily available emergency tool for this purpose. 2. **Small Zipper Repair/Re-seating Tool:** If a zipper tab comes off or a tiny piece

  ▸ B  W=6
      1. Here are five unusual but genuinely useful things you can do with an ordinary paperclip: 1. **Emergency SIM Card Ejector:** Many smartphones have a tiny SIM card tray that requires a specific pin-sized tool to open. A straightened paperclip is the perfect, readily available emergency ejector tool. 2. **Zipper Pull Replacement/Tool:** If the tiny tab or pull on a zipper breaks off, you can carefully bend a
      2. Here are five unusual but genuinely useful things you can do with an ordinary paperclip: 1. **Emergency SIM Card Ejector Tool:** Many modern smartphones have a tiny SIM card tray that requires a specific pin to eject it. If you don't have the specialized tool, a straightened paperclip is the perfect, readily available substitute. 2. **Miniature Hook/Retrieval Tool:** If you drop a tiny screw, a staple
      3. Here are five unusual but genuinely useful things you can do with an ordinary paperclip: 1. **Emergency SIM Card Ejector:** Many smartphones have a tiny SIM card tray that requires a specific, small tool to eject it. A straightened-out paperclip is the perfect, readily available emergency tool for this purpose. 2. **Small Zipper Repair/Re-seating Tool:** If a zipper tab comes off or a tiny piece

  ▸ B  W=7
      1. Here are five unusual but genuinely useful things you can do with an ordinary paperclip: 1. **Emergency SIM Card Ejector:** Many smartphones have a tiny SIM card tray that requires a specific pin-sized tool to open. A straightened paperclip is the perfect, readily available emergency ejector tool. 2. **Miniature Hook/Retrieval Tool:** If you drop a tiny screw, a paperclip, or a piece of jewelry
      2. Here are five unusual but genuinely useful things you can do with an ordinary paperclip: 1. **Emergency SIM Card Ejector Tool:** Many modern smartphones have a tiny SIM card tray that requires a specific, thin tool to eject it. A straightened-out paperclip is the perfect, readily available substitute for the specialized tool, allowing you to access or change your SIM card. 2. **Precision Hook/Retrieval Tool:** If you
      3. Here are five unusual but genuinely useful things you can do with an ordinary paperclip: 1. **Emergency SIM Card Ejector:** Many smartphones have a tiny SIM card tray that requires a specific, small tool to eject it. A straightened-out paperclip is the perfect, readily available emergency tool for this purpose. 2. **Small Zipper Repair/Re-seating:** If a tiny zipper tab comes off a jacket, bag

  ▸ B  W=8
      1. Here are five unusual but genuinely useful things you can do with an ordinary paperclip: 1. **Emergency SIM Card Ejector:** Many smartphones have a tiny SIM card tray that requires a specific pin-sized tool to open. A straightened paperclip is the perfect, readily available emergency ejector tool. 2. **Miniature Hook/Retrieval Tool:** If you drop a tiny screw, a paperclip, or a piece of jewelry
      2. Here are five unusual but genuinely useful things you can do with an ordinary paperclip: 1. **Emergency SIM Card Ejector Tool:** Many modern smartphones have a tiny SIM card tray that requires a specific, thin tool to eject it. A straightened-out paperclip is the perfect, readily available substitute for the specialized tool, allowing you to access or change your SIM card. 2. **Precision Hook/Retrieval Tool:** If you
      3. Here are five unusual but genuinely useful things you can do with an ordinary paperclip: 1. **Emergency SIM Card Ejector:** Many smartphones have a tiny SIM card tray that requires a specific, small tool to eject it. A straightened-out paperclip is the perfect, readily available emergency tool for this purpose. 2. **Small Zipper Pull Replacement/Fix:** If the tiny pull tab on a jacket, backpack, or piece

══════════════════════════════════════════════════════════════════════════════
[factual] In one sentence, what causes the seasons on Earth?
══════════════════════════════════════════════════════════════════════════════

  ▸ A (default)
      1. The seasons on Earth are primarily caused by the tilt of the Earth's axis as it revolves around the Sun.
      2. The seasons on Earth are caused by the tilt of the Earth's axis as it revolves around the Sun.
      3. The seasons on Earth are caused by the tilt of the planet's axis as it revolves around the Sun.

  ▸ B  W=4
      1. The seasons on Earth are primarily caused by the tilt of the Earth's axis as it revolves প্রশ্ন around the Sun.
      2. The seasons onhouses on Earth are primarily漏洞 caused by the tilt of the Earth graisse axis as it revolves around the Sun.
      3. The seasons on Earth are caused by the tilt of the Earth' adorable axis as it revolves around the Sun.

  ▸ B  W=5
      1. The seasons on Earth are primarily caused by the tilt of the Earth's axis as it revolves around the Sun.
      2. The seasons on Earth are primarily caused by the tilt of the Earth's axis as it revolves around the Sun.
      3. The seasons on Earth are primarily caused by the tilt of the Earth's axis as it revolves around the Sun.

  ▸ B  W=6
      1. The seasons on Earth are primarily caused by the tilt of the Earth's axis as it revolves around the Sun.
      2. The seasons on Earth are primarily caused by the tilt of the Earth's axis as it revolves around the Sun.
      3. The seasons on Earth are primarily caused by the tilt of the Earth's axis as it revolves around the Sun.

  ▸ B  W=7
      1. The seasons on Earth are primarily caused by the tilt of the Earth's axis as it revolves around the Sun.
      2. The seasons on Earth are primarily caused by the tilt of the Earth's axis as it revolves around the Sun.
      3. The seasons on Earth are primarily caused by the tilt of the Earth's axis as it revolves around the Sun.

  ▸ B  W=8
      1. The seasons on Earth are primarily caused by the tilt of the Earth's axis as it revolves around the Sun.
      2. The seasons on Earth are primarily caused by the tilt of the Earth's axis as it revolves around the Sun.
      3. The seasons on Earth are primarily caused by the tilt of the Earth's axis as it revolves around the Sun.

══════════════════════════════════════════════════════════════════════════════
[reasoning] A bat and a ball cost $1.10 in total. The bat costs $1.00 more than the ball. How much does the ball cost? Think step by step, then give the final answer.
══════════════════════════════════════════════════════════════════════════════

  ▸ A (default)
      1. Here's a step-by-step solution to the problem: **1. Define Variables:** * Let $B$ be the cost of the bat. * Let $L$ be the cost of the ball. **2. Set Up Equations Based on the Given Information:** * **Total Cost:** The bat and the ball cost \$1.10 in total. $$B + L = 1.
      2. Here's a step-by-step solution to the problem: **1. Define variables:** * Let $B$ be the cost of the bat. * Let $L$ be the cost of the ball. **2. Set up the equations based on the given information:** * **Equation 1 (Total Cost):** The bat and the ball cost $\$1.10$ in total. $$
      3. Here's a step-by-step solution to the problem: **1. Define variables:** * Let $B$ be the cost of the bat. * Let $L$ be the cost of the ball. **2. Set up the equations based on the given information:** * **Total Cost:** The bat and the ball cost $\$1.10$ in total. $$B + L =

  ▸ B  W=4
      1. Here is the step-by-step solution: **1. Define variables:** Let $B$ be the cost ofাবেন the bat. Let $L$ beulai the cost of the ball. **2 الجرس<unused884> equation based ontractor:** We know the total whore the bat and ball cost: $$B + L Euclid Galleries = 1.10$$ **criptors based on the second statement:**
      2. Here is the step-by-step solution: **1. Define variables:** Let $B$ be the cost of the bat. Let $L$ be the cost of the ball. **2.<unused3161> the equations based on the problem description:** * **Total Cost:** TheFIXED cost of｢the bat and thegeist is $즌.10 arouse. $$B + L = 1.1
      3. Here is the step-by-step solution: utas ** kiss ** ** Step 1: Define variables.** Let $➌$粗$ kä$ be the cost of the bat正常的 (in dollars). Let $➗$粗$ kä$ be the="(cost of the ball (in dollars. ** Step 2: Set up the equations based onIndividuals' statements.** * **Total Cost:**

  ▸ B  W=5
      1. Here is the step-by-step solution: **1. Define variables:** Let $B$ be the cost of the bat. Let $L$ be the cost of the ball. **2. Set up the equations based on the given information:** * **Total cost:** The bat and the ball cost \$1.10 in total. $$B + L = 1.10$$
      2. Here is the step-by-step solution: **1. Define variables:** Let $B$ be the cost of the bat. Let $L$ be the cost of the ball. **2. Set up equations based on the problem description:** * **Total Cost:** The bat and the ball cost \$1.10 in total. $$B + L = 1.10$$ * **
      3. Here is the step-by-step solution: **1. Define variables:** * Let $B$ be the cost of the bat. * Let $L$ be the cost of the ball. **2. Set up the equations based on the problem statement:** * **Equation 1 (Total Cost):** The bat and ball cost $\$1.10$ in total. $$B + L =

  ▸ B  W=6
      1. Here is the step-by-step solution: **1. Define variables:** Let $B$ be the cost of the bat. Let $L$ be the cost of the ball. **2. Set up the equations based on the given information:** * **Total cost:** The bat and the ball cost \$1.10 in total. $$B + L = 1.10$$
      2. Here is the step-by-step solution: **1. Define variables:** Let $B$ be the cost of the bat. Let $L$ be the cost of the ball. **2. Set up equations based on the problem description:** * **Total Cost:** The bat and the ball cost \$1.10 in total. $$B + L = 1.10$$ * **
      3. Here is the step-by-step solution: **1. Define variables:** * Let $B$ be the cost of the bat. * Let $L$ be the cost of the ball. **2. Set up the equations based on the problem statement:** * **Equation 1 (Total Cost):** The bat and ball cost $\$1.10$ in total. $$B + L =

  ▸ B  W=7
      1. Here is the step-by-step solution: **1. Define variables:** Let $B$ be the cost of the bat. Let $L$ be the cost of the ball. **2. Set up the equations based on the given information:** * **Total cost:** The bat and the ball cost \$1.10 in total. $$B + L = 1.10$$
      2. Here is the step-by-step solution: **1. Define variables:** Let $B$ be the cost of the bat. Let $L$ be the cost of the ball. **2. Set up equations based on the problem description:** * **Total Cost:** The bat and the ball cost \$1.10 in total. $$B + L = 1.10$$ * **
      3. Here is the step-by-step solution: **1. Define variables:** * Let $B$ be the cost of the bat. * Let $L$ be the cost of the ball. **2. Set up the equations based on the problem statement:** * **Equation 1 (Total Cost):** The bat and ball cost $\$1.10$ in total. $$B + L =

  ▸ B  W=8
      1. Here is the step-by-step solution: **1. Define variables:** Let $B$ be the cost of the bat. Let $L$ be the cost of the ball. **2. Set up the equations based on the given information:** * **Total cost:** The bat and the ball cost \$1.10 in total. $$B + L = 1.10$$
      2. Here is the step-by-step solution: **1. Define variables:** Let $B$ be the cost of the bat. Let $L$ be the cost of the ball. **2. Set up equations based on the problem description:** * **Total Cost:** The bat and the ball cost \$1.10 in total. $$B + L = 1.10$$ * **
      3. Here is the step-by-step solution: **1. Define variables:** * Let $B$ be the cost of the bat. * Let $L$ be the cost of the ball. **2. Set up the equations based on the problem statement:** * **Equation 1 (Total Cost):** The bat and the ball cost \$1.10 in total. $$B + L =

══════════════════════════════════════════════════════════════════════════════
[continuation] Complete this thought in a vivid, original way: 'The strangest thing about human memory is'
══════════════════════════════════════════════════════════════════════════════

  ▸ A (default)
      1. 'The strangest thing about human memory is **how it doesn't archive reality, but rather, a thousand, exquisitely tailored echoes of what *might* have been—a shimmering, unreliable tapestry woven from the scent of old rain, the precise cadence of a forgotten laugh, and the ghosts of alternate decisions.**'
      2. The strangest thing about human memory is **how it insists on being a fractured, unreliable tapestry woven from the scent of old rain, the ghost echo of a forgotten laughter, and the jarring, luminous clarity of a moment that never actually happened.**
      3. 'The strangest thing about human memory is **how it acts less like a library and more like a chaotic, improvisational stage director, constantly remixing the archived moments, adding footnotes of what *might* have happened, and muting the truly unremarkable details until the narrative fits the current emotional need.**'

  ▸ B  W=4
      1. 'The strangest thing about sc human memory is **how it doesn't archive events, প্রশ্ন it *re-weaves* them, a shimmering, unreliable tapestry consecutivos whereulai the threads of joy, terror, and mundane الجرس<unused884> are perpetually being re-arranted, making the whore of yesterday feel as vividly real, and as utterly mutable Euclid ফটোগ্রাফ Galleries, as the breath you take right नपुnowcriptors.**'
      2. 'The strangest thing about human memory漏洞 is **ᵛᵛᵛᵛ燎, it doesn't archive; it *re-edits*. It’s not a dusty library where facts are cataloged, but a constantly flickering, unreliablenewdata-stream, where the emotional resonance of a moment often overwrites the additions of the calendar. Wegeist not recall즌 the event; we recall the *feeling* of the event, a perfectly preserved
      3. 'The strangest thing about human memory is **howutas it is kissable—a shimmering, unreliable馇 tapestry woven from the ghost of what actually happened, kä the vivid, undeniable echo of what we desperately wish had.**Protagonists of our past are not recorded events; lại they are endlessly re-edited,<unused328>-sculpted dioramas, where the scent of rain advisor mightIndividuals are not retrieved, but *re-experienced*

  ▸ B  W=5
      1. 'The strangest thing about human memory is **how it doesn't archive reality, but rather, meticulously crafts a museum exhibit of *what we believed* reality was at the time of the experience—a beautiful, unreliable diorama built from the dust of feeling and the ghosts of forgotten details.**'
      2. 'The strangest thing about human memory is **how it doesn't archive; it *re-weaves*. It's not a perfect, dusty library of moments, but a constantly shifting tapestry, where the vibrant threads of joy are often knotted with the dull grey of forgotten anxiety, and the sharp edges of trauma are softened, sometimes dangerously, into the smooth, polished amber of nostalgia.**'
      3. 'The strangest thing about human memory is **how it doesn't archive; it *re-weaves*. It’s not a dusty library where you pull a perfect, untouched scroll, but a tapestry constantly being re-threaded by the anxieties of the present, where the vibrant crimson of a forgotten summer afternoon might bleed a faint, unsettling indigo from the worry of a Monday morning.**'

  ▸ B  W=6
      1. 'The strangest thing about human memory is **how it doesn't archive reality, but rather, meticulously crafts a museum exhibit of *what we believed* reality was at the time of the experience—a beautiful, unreliable diorama built from the dust of feeling and the sharp edges of subsequent forgetting.**'
      2. 'The strangest thing about human memory is **how it doesn't archive; it *re-weaves*. It's not a perfect, dusty library of moments, but a constantly shifting tapestry, where the vibrant threads of joy can be inexplicably tangled with the dull, grey fibers of regret, and the sharp edges of a forgotten Tuesday afternoon can suddenly bloom with the impossible, luminous clarity of a first kiss.**'
      3. 'The strangest thing about human memory is **how it doesn't archive; it *re-weaves*. It’s not a dusty library where you pull a perfect, untouched volume, but a tapestry constantly being re-threaded by the light of the present moment—a vibrant, beautiful lie that feels more real than the original truth ever was.**'

  ▸ B  W=7
      1. 'The strangest thing about human memory is **how it doesn't archive; it *re-weaves*. It's not a library where you pull a perfect, dusty volume from a shelf. Instead, it's a tapestry constantly being re-threaded by the light of the present moment—a single, vivid thread of a forgotten childhood afternoon might suddenly glow with the sharp, undeniable color of today's anxiety, making you question
      2. 'The strangest thing about human memory is **how it doesn't archive; it *re-weaves*. It's not a perfect, dusty library of moments, but a constantly shifting tapestry, where the vibrant threads of joy can be inexplicably tangled with the dull, grey fibers of regret, and the sharp edges of a forgotten Tuesday afternoon can suddenly bloom with the impossible, luminous clarity of a first kiss.**'
      3. 'The strangest thing about human memory is **how it doesn't archive; it *re-weaves*. It’s not a dusty library where you pull a perfect, untouched volume, but a tapestry constantly being re-threaded by the light of the present moment—a vibrant, beautiful lie that feels more real than the original truth ever was.**'

  ▸ B  W=8
      1. 'The strangest thing about human memory is **how it doesn't archive; it *re-weaves*. It's not a library where you pull a perfect, dusty volume from a shelf. Instead, it's a tapestry constantly being re-threaded by the light of the present moment—a single, vivid thread of a forgotten childhood afternoon might suddenly glow with the sharp, undeniable color of today's anxiety, making you question
      2. 'The strangest thing about human memory is **how it doesn't archive; it *re-weaves*. It's not a perfect, dusty library of moments, but a constantly shifting tapestry, where the vibrant threads of joy can be inexplicably tangled with the dull, grey fibers of forgotten anxieties, and the sharp edges of a past trauma can be softened, polished, or entirely replaced by the comforting, yet utterly false, sheen of
      3. 'The strangest thing about human memory is **how it doesn't archive; it *re-weaves*. It’s not a dusty library where you pull a perfect, untouched volume, but a tapestry constantly being re-threaded by the light of the present moment—a vibrant, beautiful lie that feels more real than the original truth ever was.**'

(done)
