# 1-D A sweep — model "gemma-4-e4b-it-OptiQ-4bit"   |   4 samples each, maxTokens=90
# A (default) = the model's recipe, untouched: temp 1 · top_p 0.95 · top_k 64
# B A=… = HLGShaper, only A varies (W=6, s_m=.7, L_W=1200, out_scale auto). Factual = canary.


══════════════════════════════════════════════════════════════════════════════
[creative] Write the first sentence of a short story about a lighthouse keeper who discovers something strange in the fog.
══════════════════════════════════════════════════════════════════════════════

  ▸ A (default)
      1. The fog, a thick, woolly blanket that swallowed the beam of his lantern, seemed to press against the glass, and it was through that swirling gray veil that Silas first saw the impossible.
      2. The sea fog, a thick, soupy thing that seemed to swallow the very sound of the waves, usually brought with it only the familiar smell of salt and damp stone, but this morning, it carried a faint, metallic tang, like old copper mixed with something faintly sweet.
      3. The relentless, salt-laced fog that clung to the tower like a shroud offered no respite until the silence was broken by a sound that certainly hadn't been the groan of the old lamp mechanism.
      4. The fog, a thick, clammy blanket that swallowed the horizon whole, finally delivered something unexpected to the beam of the Grand Shoal light.

  ▸ B  A.01×sM.05
      1. The fog, a thick and cloying blanket that clung to the lantern room like spun cotton, had been a familiar, monotonous companion to Elias for thirty years, yet today, as it rolled in from the grey expanse of the Atlantic, it carried a scent of brine and something else—something sharp, like ozone mixed with crushed cloves.
      2. The dense, soupy fog had clung to the lantern's glass for three days, swallowing the predictable rhythm of the sea spray until Silas felt less like a keeper and more like a sentinel watching a slow-motion, gray death.
      3. The relentless, salt-laced fog that usually hugged the tower like a wet shroud suddenly seemed to be concealing something altogether more peculiar than just the vast, empty sea.
      4. The relentless, soupy blanket of the northern fog seemed to swallow the beam of the old Fresnel lens whole, and it was into that swirling, pearlescent nothingness that he saw it: a flicker of colour that belonged nowhere in the monotonous grey.

  ▸ B  A.01×sM.05×Lw10
      1. The thick, woolly blanket of the coastal fog, a thing that swallowed sound and color whole, held a glint of impossible green at its heart.
      2. The dense, soupy fog had pressed in against the granite tower like a smothering, grey beast for three days, but on the morning of the fourth, it exhaled a shape that was definitely not a seabird, nor the usual drift of seaweed.
      3. The relentless, salt-laced fog that usually hugged the tower like a wet shroud seemed to be parting for a single, impossible instance, revealing something utterly out of place upon the churning black water.
      4. The relentless, soupy blanket of the northern fog seemed to swallow the beam of the old lighthouse, yet it was within that damp, swirling blindness that Elias first saw the impossibly bright, silent gleam drifting toward his isolated perch.

══════════════════════════════════════════════════════════════════════════════
[brainstorm] List five unusual but genuinely useful things you can do with an ordinary paperclip.
══════════════════════════════════════════════════════════════════════════════

  ▸ A (default)
      1. Here are five unusual but genuinely useful things you can do with an ordinary paperclip: 1. **Improvised SIM Card Tray Ejector:** Most modern smartphones have a tiny SIM card tray that requires a specific ejection tool. A straightened paperclip is the perfect, readily available makeshift tool for this job. 2. **Precision Cleaning Tool (for electronics/keyboards):** When you have dust, lint, or small debris lodged in
      2. Here are five unusual but genuinely useful things you can do with an ordinary paperclip: 1. **SIM Card Tray Ejector:** Many modern smartphones require a tiny, specialized tool to pop out the SIM card tray. A straightened-out paperclip, bent slightly on one end, works perfectly as a makeshift and surprisingly effective ejector tool. 2. **Zipper Pull Replacement/Fix:** If the tiny metal pull tab on a jacket
      3. Here are five unusual but genuinely useful things you can do with an ordinary paperclip: 1. **Emergency SIM Card Ejector:** Many modern smartphones require a small pin to be inserted into a tiny hole on the side of the phone to eject the SIM card tray. A straightened-out paperclip is the perfect, readily available tool for this job. 2. **Precision Unclogging Tool (Small Nozzles/Keys):**
      4. Here are five unusual but genuinely useful things you can do with an ordinary paperclip: 1. **Precision Tool for Small Electronics/Crafts (Tweezers Substitute):** When you straighten and slightly manipulate the ends of a paperclip, you can create a rudimentary, tiny pair of "tweezers." This is surprisingly useful for picking up tiny screws, placing very small electronic components (like LEDs on a circuit board), or positioning minute threads in detailed

  ▸ B  A.01×sM.05
      1. Here are five unusual but genuinely useful things you can do with an ordinary paperclip: 1. **Improvised Zipper Pull:** If the tab or pull on a piece of clothing or luggage zipper breaks off, you can carefully bend a paperclip (usually one of the straighter ones) into a loop and thread it onto the exposed slider of the zipper. This gives you a functional handle to pull the zipper open or closed. 2
      2. Here are five unusual but genuinely useful things you can do with an ordinary paperclip: 1. **SIM Card Ejector Tool:** Many modern smartphones require you to insert a tiny SIM card tray using a specialized pin. A straightened and carefully bent paperclip is an excellent, readily available replacement for the official tool, allowing you to safely eject the tray. 2. **Cleaning Precision Electronics:** For clearing dust or debris from tiny crevices on electronic
      3. Here are five unusual but genuinely useful things you can do with an ordinary paperclip: 1. **Emergency SIM Card Ejector:** If your phone has a physical SIM card tray that requires a tiny pin to open (very common on many smartphones), a straightened-out paperclip is the perfect, readily available tool to act as an ejector. 2. **Miniature Unclogging Tool:** If a small hole (like a
      4. Here are five unusual but genuinely useful things you can do with an ordinary paperclip: 1. **Precision Tool for Small Electronics/Crafts (e.g., Opening SIM card trays, Resetting router buttons):** Bent into a fine hook or straightened slightly, a paperclip is perfect for delicate manipulation. It can be used to gently pry open the tiny eject button on a SIM card tray, or to press a recessed "Reset" button

  ▸ B  A.01×sM.05×Lw10
      1. Here are five unusual but genuinely useful things you can do with an ordinary paperclip: 1. **Improvised Zipper Pull:** If the tab or pull on a piece of clothing or luggage zipper breaks off, you can carefully bend a paperclip (using the strongest, smallest one) into a small hook or loop and thread it onto the zipper slider to act as a temporary, functional pull. 2. **Small Detail Retrieval Tool:**
      2. Here are five unusual but genuinely useful things you can do with an ordinary paperclip: 1. **SIM Card Ejector Tool:** Many modern smartphones require a tiny, specialized tool to press a release button on the SIM card tray. A straightened or slightly bent paperclip works perfectly as a makeshift, very fine pick for this purpose. 2. **Resetting Small Electronics/Routers:** Many networking devices, modems, or other small
      3. Here are five unusual but genuinely useful things you can do with an ordinary paperclip: 1. **Emergency SIM Card Ejector:** If your smartphone has a physical SIM card tray that requires a specific tiny pin to eject it (very common on many phones), the straightened end of a paperclip serves as a perfectly sized, readily available, and makeshift SIM ejector tool. 2. **Precision Unclogging/Tweezing (for
      4. Here are five unusual but genuinely useful things you can do with an ordinary paperclip: 1. **As a Miniature Lockpick (for simple, non-high-security locks):** Bent and carefully manipulated, a sturdy paperclip can function as a basic tension wrench or rake within a pin-tumbler lock. *This is most effective for very cheap or basic padlocks/cabinet latches, not high-security locks.* 2.

══════════════════════════════════════════════════════════════════════════════
[factual] In one sentence, what causes the seasons on Earth?
══════════════════════════════════════════════════════════════════════════════

  ▸ A (default)
      1. The seasons on Earth are primarily caused by the tilt of the Earth's axis as it revolves around the Sun.
      2. The seasons on Earth are caused by the tilt of the Earth's axis as it revolves around the Sun.
      3. The seasons on Earth are caused by the tilt of the planet's axis as it revolves around the Sun.
      4. The seasons on Earth are caused by the tilt of the planet's axis as it revolves around the sun.

  ▸ B  A.01×sM.05
      1. The changing seasons on Earth are caused by the tilt of the Earth's axis as it revolves around the Sun.
      2. The seasons on Earth are caused by the planet's tilted axis of rotation as it orbits the sun, leading to varying amounts of direct sunlight received by different parts of the planet throughout the year.
      3. The seasons are caused by the tilt of the Earth's axis as it revolves around the sun, which changes the amount of direct sunlight received in different hemispheres throughout the year.
      4. The seasons on Earth are caused by the tilt of the planet's axis as it revolves around the sun.

  ▸ B  A.01×sM.05×Lw10
      1. The Earth's seasons are caused by its axial tilt of approximately 23.5 degrees as it revolves around the Sun.
      2. The seasons on Earth are caused by the planet's tilted axis of rotation as it orbits the sun, leading to varying amounts of direct sunlight received by different parts of the planet throughout the year.
      3. The seasons are caused by the tilt of the Earth's axis as it revolves around the sun, which changes the amount of direct sunlight received in different parts of the planet throughout the year.
      4. The seasons on Earth are caused by the tilt of the planet's axis as it revolves around the sun.

══════════════════════════════════════════════════════════════════════════════
[reasoning] A bat and a ball cost $1.10 in total. The bat costs $1.00 more than the ball. How much does the ball cost? Think step by step, then give the final answer.
══════════════════════════════════════════════════════════════════════════════

  ▸ A (default)
      1. Here's a step-by-step solution to the problem: **1. Define Variables:** * Let $B$ be the cost of the bat. * Let $L$ be the cost of the ball. **2. Set Up Equations Based on the Given Information:** * **Total Cost:** The bat and the ball cost \$1.10 in total. $$B + L = 1.
      2. Here's a step-by-step solution to the problem: **1. Define variables:** * Let $B$ be the cost of the bat. * Let $L$ be the cost of the ball. **2. Set up the equations based on the given information:** * **Equation 1 (Total Cost):** The bat and the ball cost $\$1.10$ in total. $$
      3. Here's a step-by-step solution to the problem: **1. Define variables:** * Let $B$ be the cost of the bat. * Let $L$ be the cost of the ball. **2. Set up the equations based on the given information:** * **Total Cost:** The bat and the ball cost $\$1.10$ in total. $$B + L =
      4. Here is the step-by-step solution: **1. Define variables:** * Let $B$ be the cost of the bat. * Let $L$ be the cost of the ball. **2. Set up the equations based on the problem description:** * **Equation 1 (Total Cost):** The bat and the ball cost $\$1.10$ in total. $$B + L =

  ▸ B  A.01×sM.05
      1. Here's a step-by-step solution: **1. Define variables:** * Let $B$ be the cost of the bat. * Let $L$ be the cost of the ball. **2. Set up the equations based on the problem statement:** * **Total Cost:** $B + L = 1.10$ (Equation 1) * **Price Difference:** $B = L
      2. Here's a step-by-step solution to the problem: **1. Define variables:** * Let $B$ be the cost of the bat. * Let $L$ be the cost of the ball. **2. Set up the equations based on the information given:** * **Equation 1 (Total Cost):** The bat and the ball cost $\$1.10$ in total. $$
      3. Here's a step-by-step solution to the problem: **1. Define variables:** * Let $B$ be the cost of the bat. * Let $L$ be the cost of the ball. **2. Set up the equations based on the information given:** * **Total cost:** The bat and the ball cost $\$1.10$ in total. $$B + L =
      4. Here is a step-by-step solution to the problem: **1. Define variables:** * Let $B$ be the cost of the bat. * Let $L$ be the cost of the ball. **2. Set up equations based on the problem statement:** * **Equation 1 (Total Cost):** The bat and the ball cost $\$1.10$ in total. $$B +

  ▸ B  A.01×sM.05×Lw10
      1. Here's a step-by-step solution: **1. Define variables:** * Let $B$ be the cost of the bat. * Let $L$ be the cost of the ball. **2. Set up the equations based on the problem statement:** * **Total Cost:** $B + L = \$1.10$ (Equation 1) * **Price Difference:** $B = L
      2. Here's the step-by-step solution: **1. Define variables:** * Let $B$ be the cost of the bat. * Let $L$ be the cost of the ball. **2. Set up the equations based on the given information:** * **Equation 1 (Total Cost):** $B + L = 1.10$ * **Equation 2 (Price Difference):
      3. Here's how to solve the problem step by step: **1. Define the variables:** * Let $B$ be the cost of the bat. * Let $L$ be the cost of the ball. **2. Set up the equations based on the given information:** * **Equation 1 (Total Cost):** $B + L = \$1.10$ * **Equation 2 (Price
      4. Here is a step-by-step solution to the problem: **1. Define variables:** * Let $B$ be the cost of the bat. * Let $L$ be the cost of the ball. **2. Set up equations based on the problem statement:** * **Equation 1 (Total Cost):** The bat and the ball cost $\$1.10$ in total. $$B +

══════════════════════════════════════════════════════════════════════════════
[continuation] Complete this thought in a vivid, original way: 'The strangest thing about human memory is'
══════════════════════════════════════════════════════════════════════════════

  ▸ A (default)
      1. 'The strangest thing about human memory is **how it doesn't archive reality, but rather, a thousand, exquisitely tailored echoes of what *might* have been—a shimmering, unreliable tapestry woven from the scent of old rain, the precise cadence of a forgotten laugh, and the ghosts of alternate decisions.**'
      2. The strangest thing about human memory is **how it insists on being a fractured, unreliable tapestry woven from the scent of old rain, the ghost echo of a forgotten laughter, and the jarring, luminous clarity of a moment that never actually happened.**
      3. 'The strangest thing about human memory is **how it acts less like a library and more like a chaotic, improvisational stage director, constantly remixing the archived moments, adding footnotes of what *might* have happened, and muting the truly unremarkable details until the narrative fits the current emotional need.**'
      4. 'The strangest thing about human memory is **how it doesn't file itself neatly like a library, but instead behaves more like a bioluminescent, forgotten dream—a collection of vivid, wildly disproportionate fragments that surface at the most inconvenient, yet emotionally resonant, times.**'

  ▸ B  A.01×sM.05
      1. 'The strangest thing about human memory is **how it doesn't archive reality, but rather *re-renders* it—a thousand fragmented, glow-in-the-dark ghosts of moments that never existed precisely as they happened, polished by the relentless, sentimental filter of what we *wish* they were.**'
      2. The strangest thing about human memory is **how it acts not like a pristine archive, but like a haunted, beautifully warped collage; a place where a perfect memory of a sunlit meadow can suddenly bloom alongside the sharp, indelible shadow of a forgotten, bitter argument, each image bleeding into the other until the past feels less like history, and more like a deeply personalized, slightly unreliable dream we keep trying to wake up from.**
      3. 'The strangest thing about human memory is **how it acts like a shimmering, unreliable tapestry—a perfect reconstruction woven from frayed threads of feeling, vivid flashes of forgotten context, and the insistent, stubborn ghosts of moments that never quite happened.**'
      4. 'The strangest thing about human memory is' **how it doesn't function like a pristine archival film, but more like a kaleidoscope—each retrieval is not a perfect playback, but a frantic, brilliant, and often heartbreaking rearrangement of fragments, polished by the present until the original color bleeds into something beautiful, strange, and utterly unknowable.**

  ▸ B  A.01×sM.05×Lw10
      1. 'The strangest thing about human memory is **how it doesn't archive reality, but rather, performs a delicate, ongoing act of exquisite, highly subjective *rewriting*—a tapestry where the scent of rain in your childhood room might blend seamlessly with the anxiety of a distant, unremembered Thursday, making you wonder if you're remembering the past, or merely watching a beautifully curated, melancholic fiction.**'
      2. The strangest thing about human memory is **how it acts not like a pristine archive, but like a haunted, unreliable dream—a place where the furniture is perpetually rearranging, the lighting shifts with emotional weight, and the details you clutch most tightly are often the ones you’ve most enthusiastically edited in the rearview mirror.**
      3. 'The strangest thing about human memory is **how it acts like a shimmering, unreliable tapestry—a perfect reconstruction woven from frayed threads of feeling, vivid flashes of forgotten context, and the insistent, stubborn ghosts of moments that never quite happened.**'
      4. 'The strangest thing about human memory is' **how it doesn't function like a pristine archive, but more like a restless, overgrown greenhouse where forgotten scents and phantom echoes of lost moments sprout into vibrant, impossible blooms.** **Here are a few other options, depending on the desired tone:** **Poetic/Melancholy:** > 'The strangest thing about human memory is' **that it never offers a true playback

(done)
