# HLG cross-pair COHERENCE map — model "gemma-4-e4b-it-OptiQ-4bit"  (canary-only; cell = ✓ clean or ✗junk%)
# base {"window":6,"shoulderA":0.35,"sM":0.7,"targetGap":15,"refGap":4,"lw":1200}; each grid varies its two axes over the discovered break-spanning ranges.


=== shoulderA (rows) × targetGap (cols) ===
shoulderA \targetGap       8      12      20      50
0.5            ✗29%      ✓       ✓       ✓ 
5              ✗26%   ✗ 3%      ✓       ✓ 
30             ✗22%      ✓       ✓       ✓ 
100            ✗22%   ✗22%      ✓       ✓ 

=== shoulderA (rows) × window (cols) ===
shoulderA \window       3       5      10      30
0.5            ✗ 5%      ✓       ✓       ✓ 
5              ✗ 5%      ✓       ✓       ✓ 
30             ✗10%      ✓       ✓       ✓ 
100            ✗20%   ✗27%      ✓       ✓ 

=== sM (rows) × targetGap (cols) ===
sM        \targetGap       8      12      20      50
0.2               ✓       ✓       ✓       ✓ 
0.7            ✗23%      ✓       ✓       ✓ 
2              ✗21%   ✗ 8%      ✓       ✓ 
4              ✗22%   ✗38%      ✓       ✓ 

=== sM (rows) × window (cols) ===
sM        \window       3       5      10      30
0.2            ✗ 4%      ✓       ✓       ✓ 
0.7            ✗ 5%      ✓       ✓       ✓ 
2              ✗ 5%   ✗ 3%      ✓       ✓ 
4              ✗ 5%   ✗ 3%      ✓       ✓ 

(done — 64 cells; results → /Users/joshrossi/Code/mlx-bun/docs/investigations/hlg-runs/hlg-cross.json)
