# HLG cross-pair COHERENCE map — model "MiniCPM5-1B-OptiQ-4bit"  (canary-only; cell = ✓ clean or ✗junk%)
# base {"window":6,"shoulderA":0.35,"sM":0.7,"targetGap":15,"refGap":4,"lw":1200}; each grid varies its two axes over the discovered break-spanning ranges.


=== shoulderA (rows) × targetGap (cols) ===
shoulderA \targetGap       8      12      20      50
0.5            ✗ 2%      ✓       ✓       ✓ 
5              ✗28%      ✓       ✓       ✓ 
30             ✗ 7%      ✓       ✓       ✓ 
100            ✗13%   ✗ 6%      ✓       ✓ 

=== shoulderA (rows) × window (cols) ===
shoulderA \window       3       5      10      30
0.5               ✓       ✓       ✓       ✓ 
5                 ✓       ✓       ✓       ✓ 
30             ✗15%      ✓       ✓    ✗17%
100            ✗14%   ✗14%      ✓    ✗22%

=== sM (rows) × targetGap (cols) ===
sM        \targetGap       8      12      20      50
0.2               ✓       ✓       ✓       ✓ 
0.7               ✓       ✓       ✓       ✓ 
2              ✗11%   ✗ 1%      ✓       ✓ 
4              ✗11%   ✗ 4%      ✓       ✓ 

=== sM (rows) × window (cols) ===
sM        \window       3       5      10      30
0.2               ✓       ✓       ✓       ✓ 
0.7               ✓       ✓       ✓       ✓ 
2                 ✓       ✓       ✓       ✓ 
4                 ✓       ✓       ✓       ✓ 

(done — 64 cells; results → /Users/joshrossi/Code/mlx-bun/docs/investigations/hlg-runs/hlg-cross.json)
