# HLG cross-pair COHERENCE map — model "gemma-4-12B-it-OptiQ-4bit"  (canary-only; cell = ✓ clean or ✗junk%)
# base {"window":6,"shoulderA":0.35,"sM":0.7,"targetGap":15,"refGap":4,"lw":1200}; each grid varies its two axes over the discovered break-spanning ranges.


=== shoulderA (rows) × targetGap (cols) ===
shoulderA \targetGap       8      12      20      50
0.5            ✗12%      ✓       ✓       ✓ 
5              ✗18%      ✓       ✓       ✓ 
30             ✗25%      ✓       ✓       ✓ 
100            ✗27%   ✗22%      ✓       ✓ 

=== shoulderA (rows) × window (cols) ===
shoulderA \window       3       5      10      30
0.5            ✗ 2%      ✓       ✓       ✓ 
5              ✗ 2%      ✓       ✓       ✓ 
30             ✗ 9%   ✗ 2%      ✓       ✓ 
100            ✗27%   ✗29%      ✓    ✗ 5%

=== sM (rows) × targetGap (cols) ===
sM        \targetGap       8      12      20      50
0.2               ✓       ✓       ✓       ✓ 
0.7            ✗19%      ✓       ✓       ✓ 
2              ✗28%   ✗ 8%      ✓       ✓ 
4              ✗27%   ✗15%      ✓       ✓ 

=== sM (rows) × window (cols) ===
sM        \window       3       5      10      30
0.2            ✗ 2%      ✓       ✓       ✓ 
0.7            ✗ 2%      ✓       ✓       ✓ 
2              ✗ 2%   ✗ 2%      ✓       ✓ 
4              ✗ 2%   ✗ 2%      ✓       ✓ 

(done — 64 cells; results → /Users/joshrossi/Code/mlx-bun/docs/investigations/hlg-runs/hlg-cross.json)
