# HLG cliff resolver — model "gemma-4-e4b-it-OptiQ-4bit"  (canary junk gradient, K=5 seeds/step)
# base {"window":6,"shoulderA":0.35,"sM":0.7,"targetGap":15,"refGap":4,"lw":1200} ; unit steps through the steep features, rails dropped.


=== target_gap cliff (base: A=0.35, s_m=0.7, W=6) ===
  targetGap  meanjunk   maxjunk   break-rate   bar
         7     28%      43%      5/5       ███████████
         8     31%      55%      5/5       ████████████
         9     17%      67%      4/5       ███████
        10      1%       4%      2/5       
        11      1%       3%      2/5       
        12      0%       0%      0/5       
        13      0%       0%      0/5       

=== W lower edge @ high A (A=100, channel-closing) ===
  window     meanjunk   maxjunk   break-rate   bar
         3     24%      36%      5/5       ██████████
         4     25%      38%      5/5       ██████████
         5     20%      28%      4/5       ████████
         6     28%      62%      5/5       ███████████
         7     16%      77%      2/5       ██████
         8      0%       1%      0/5       
         9      0%       0%      0/5       
        10      0%       0%      0/5       

(done — 15 steps; results → /Users/joshrossi/Code/mlx-bun/docs/investigations/hlg-runs/hlg-cliff.json)
